#
# There is insufficient memory for the Java Runtime Environment to continue.
# Native memory allocation (malloc) failed to allocate 266736 bytes for Chunk::new
# Possible reasons:
#   The system is out of physical RAM or swap space
#   The process is running with CompressedOops enabled, and the Java Heap may be blocking the growth of the native heap
# Possible solutions:
#   Reduce memory load on the system
#   Increase physical memory or swap space
#   Check if swap backing store is full
#   Decrease Java heap size (-Xmx/-Xms)
#   Decrease number of Java threads
#   Decrease Java thread stack sizes (-Xss)
#   Set larger code cache with -XX:ReservedCodeCacheSize=
#   JVM is running with Unscaled Compressed Oops mode in which the Java heap is
#     placed in the first 4GB address space. The Java Heap base address is the
#     maximum limit for the native heap growth. Please use -XX:HeapBaseMinAddress
#     to set the Java Heap base and to place the Java Heap above 4GB virtual address.
# This output file may be truncated or incomplete.
#
#  Out of Memory Error (arena.cpp:189), pid=19032, tid=19676
#
# JRE version: OpenJDK Runtime Environment (17.0.7) (build 17.0.7+0-b2043.56-10550314)
# Java VM: OpenJDK 64-Bit Server VM (17.0.7+0-b2043.56-10550314, mixed mode, tiered, compressed oops, compressed class ptrs, g1 gc, windows-amd64)
# No core dump will be written. Minidumps are not enabled by default on client versions of Windows
#

---------------  S U M M A R Y ------------

Command Line: -Dorg.gradle.appname=gradlew org.gradle.wrapper.GradleWrapperMain -q -Ptarget-platform=android-x64 -Ptarget=C:\MyApp\alamode_app\lib\main.dart -Pbase-application-name=android.app.Application -Pdart-defines=RkxVVFRFUl9XRUJfQ0FOVkFTS0lUX1VSTD1odHRwczovL3d3dy5nc3RhdGljLmNvbS9mbHV0dGVyLWNhbnZhc2tpdC9lZGQ4NTQ2MTE2NDU3YmRmMWM1YmRmYjEzZWNiOTQ2M2QyYmI1ZWQ0Lw== -Pdart-obfuscation=false -Ptrack-widget-creation=true -Ptree-shake-icons=false -Pfilesystem-scheme=org-dartlang-root assembleDebug

Host: Intel(R) Core(TM) i5-8250U CPU @ 1.60GHz, 8 cores, 7G,  Windows 11 , 64 bit Build 22621 (10.0.22621.3958)
Time: Fri Aug 23 21:56:58 2024  Windows 11 , 64 bit Build 22621 (10.0.22621.3958) elapsed time: 4.318142 seconds (0d 0h 0m 4s)

---------------  T H R E A D  ---------------

Current thread (0x000001cf153d58d0):  JavaThread "C2 CompilerThread0" daemon [_thread_in_native, id=19676, stack(0x0000006aa5300000,0x0000006aa5400000)]


Current CompileTask:
C2:   4318  907   !   4       java.util.concurrent.ConcurrentHashMap::putVal (432 bytes)

Stack: [0x0000006aa5300000,0x0000006aa5400000]
Native frames: (J=compiled Java code, j=interpreted, Vv=VM code, C=native code)
V  [jvm.dll+0x683bfa]
V  [jvm.dll+0x8430a4]
V  [jvm.dll+0x8449be]
V  [jvm.dll+0x845023]
V  [jvm.dll+0x24ad2f]
V  [jvm.dll+0xac25c]
V  [jvm.dll+0xac82c]
V  [jvm.dll+0x36a132]
V  [jvm.dll+0x334821]
V  [jvm.dll+0x333cca]
V  [jvm.dll+0x21d251]
V  [jvm.dll+0x21c671]
V  [jvm.dll+0x1a605d]
V  [jvm.dll+0x22c148]
V  [jvm.dll+0x22a209]
V  [jvm.dll+0x7f858c]
V  [jvm.dll+0x7f2aea]
V  [jvm.dll+0x682a35]
C  [ucrtbase.dll+0x29333]
C  [KERNEL32.DLL+0x1257d]
C  [ntdll.dll+0x5af28]


---------------  P R O C E S S  ---------------

Threads class SMR info:
_java_thread_list=0x000001cf1a741d60, length=13, elements={
0x000001cf7b482ec0, 0x000001cf1524c250, 0x000001cf1524e870, 0x000001cf153ad1d0,
0x000001cf153d22e0, 0x000001cf153d2ba0, 0x000001cf153d3c00, 0x000001cf153d58d0,
0x000001cf153daa40, 0x000001cf153ddbe0, 0x000001cf15543190, 0x000001cf155598b0,
0x000001cf1a731890
}

Java Threads: ( => current thread )
  0x000001cf7b482ec0 JavaThread "main" [_thread_in_vm, id=15876, stack(0x0000006aa4600000,0x0000006aa4700000)]
  0x000001cf1524c250 JavaThread "Reference Handler" daemon [_thread_blocked, id=8248, stack(0x0000006aa4d00000,0x0000006aa4e00000)]
  0x000001cf1524e870 JavaThread "Finalizer" daemon [_thread_blocked, id=14760, stack(0x0000006aa4e00000,0x0000006aa4f00000)]
  0x000001cf153ad1d0 JavaThread "Signal Dispatcher" daemon [_thread_blocked, id=15988, stack(0x0000006aa4f00000,0x0000006aa5000000)]
  0x000001cf153d22e0 JavaThread "Attach Listener" daemon [_thread_blocked, id=2672, stack(0x0000006aa5000000,0x0000006aa5100000)]
  0x000001cf153d2ba0 JavaThread "Service Thread" daemon [_thread_blocked, id=20644, stack(0x0000006aa5100000,0x0000006aa5200000)]
  0x000001cf153d3c00 JavaThread "Monitor Deflation Thread" daemon [_thread_blocked, id=3584, stack(0x0000006aa5200000,0x0000006aa5300000)]
=>0x000001cf153d58d0 JavaThread "C2 CompilerThread0" daemon [_thread_in_native, id=19676, stack(0x0000006aa5300000,0x0000006aa5400000)]
  0x000001cf153daa40 JavaThread "C1 CompilerThread0" daemon [_thread_in_native, id=11372, stack(0x0000006aa5400000,0x0000006aa5500000)]
  0x000001cf153ddbe0 JavaThread "Sweeper thread" daemon [_thread_blocked, id=15832, stack(0x0000006aa5500000,0x0000006aa5600000)]
  0x000001cf15543190 JavaThread "Notification Thread" daemon [_thread_blocked, id=22264, stack(0x0000006aa5600000,0x0000006aa5700000)]
  0x000001cf155598b0 JavaThread "Common-Cleaner" daemon [_thread_blocked, id=11360, stack(0x0000006aa5800000,0x0000006aa5900000)]
  0x000001cf1a731890 JavaThread "pool-1-thread-1" [_thread_blocked, id=2896, stack(0x0000006aa5d00000,0x0000006aa5e00000)]

Other Threads:
  0x000001cf15393330 VMThread "VM Thread" [stack: 0x0000006aa4c00000,0x0000006aa4d00000] [id=21536]
  0x000001cf7b4f7d60 WatcherThread [stack: 0x0000006aa5700000,0x0000006aa5800000] [id=21656]
  0x000001cf7b4df4e0 GCTaskThread "GC Thread#0" [stack: 0x0000006aa4700000,0x0000006aa4800000] [id=5544]
  0x000001cf1a862a00 GCTaskThread "GC Thread#1" [stack: 0x0000006aa5900000,0x0000006aa5a00000] [id=12084]
  0x000001cf1a862cb0 GCTaskThread "GC Thread#2" [stack: 0x0000006aa5a00000,0x0000006aa5b00000] [id=13088]
  0x000001cf1a224120 GCTaskThread "GC Thread#3" [stack: 0x0000006aa5b00000,0x0000006aa5c00000] [id=13916]
  0x000001cf1a922550 GCTaskThread "GC Thread#4" [stack: 0x0000006aa5c00000,0x0000006aa5d00000] [id=3752]
  0x000001cf7b4f08c0 ConcurrentGCThread "G1 Main Marker" [stack: 0x0000006aa4800000,0x0000006aa4900000] [id=13356]
  0x000001cf7b4f12d0 ConcurrentGCThread "G1 Conc#0" [stack: 0x0000006aa4900000,0x0000006aa4a00000] [id=15900]
  0x000001cf150920d0 ConcurrentGCThread "G1 Refine#0" [stack: 0x0000006aa4a00000,0x0000006aa4b00000] [id=17780]
  0x000001cf15094b00 ConcurrentGCThread "G1 Service" [stack: 0x0000006aa4b00000,0x0000006aa4c00000] [id=7276]

Threads with active compile tasks:
C2 CompilerThread0     4381  907   !   4       java.util.concurrent.ConcurrentHashMap::putVal (432 bytes)
C1 CompilerThread0     4381  976       3       jdk.internal.org.objectweb.asm.MethodWriter::visitTypeInsn (116 bytes)

VM state: not at safepoint (normal execution)

VM Mutex/Monitor currently owned by a thread: None

Heap address: 0x0000000081800000, size: 2024 MB, Compressed Oops mode: 32-bit

CDS archive(s) not mapped
Compressed class space mapped at: 0x0000000100000000-0x0000000140000000, reserved size: 1073741824
Narrow klass base: 0x0000000000000000, Narrow klass shift: 3, Narrow klass range: 0x140000000

GC Precious Log:
 CPUs: 8 total, 8 available
 Memory: 8091M
 Large Page Support: Disabled
 NUMA Support: Disabled
 Compressed Oops: Enabled (32-bit)
 Heap Region Size: 1M
 Heap Min Capacity: 8M
 Heap Initial Capacity: 128M
 Heap Max Capacity: 2024M
 Pre-touch: Disabled
 Parallel Workers: 8
 Concurrent Workers: 2
 Concurrent Refinement Workers: 8
 Periodic GC: Disabled

Heap:
 garbage-first heap   total 131072K, used 20088K [0x0000000081800000, 0x0000000100000000)
  region size 1024K, 13 young (13312K), 3 survivors (3072K)
 Metaspace       used 12408K, committed 12608K, reserved 1114112K
  class space    used 1363K, committed 1472K, reserved 1048576K

Heap Regions: E=young(eden), S=young(survivor), O=old, HS=humongous(starts), HC=humongous(continues), CS=collection set, F=free, OA=open archive, CA=closed archive, TAMS=top-at-mark-start (previous, next)
|   0|0x0000000081800000, 0x0000000081900000, 0x0000000081900000|100%|HS|  |TAMS 0x0000000081800000, 0x0000000081800000| Complete 
|   1|0x0000000081900000, 0x0000000081a00000, 0x0000000081a00000|100%|HC|  |TAMS 0x0000000081900000, 0x0000000081900000| Complete 
|   2|0x0000000081a00000, 0x0000000081b00000, 0x0000000081b00000|100%|HC|  |TAMS 0x0000000081a00000, 0x0000000081a00000| Complete 
|   3|0x0000000081b00000, 0x0000000081c00000, 0x0000000081c00000|100%|HC|  |TAMS 0x0000000081b00000, 0x0000000081b00000| Complete 
|   4|0x0000000081c00000, 0x0000000081d00000, 0x0000000081d00000|100%| O|  |TAMS 0x0000000081c00000, 0x0000000081c00000| Untracked 
|   5|0x0000000081d00000, 0x0000000081e00000, 0x0000000081e00000|100%| O|  |TAMS 0x0000000081d00000, 0x0000000081d00000| Untracked 
|   6|0x0000000081e00000, 0x0000000081f00000, 0x0000000081f00000|100%| O|  |TAMS 0x0000000081e00000, 0x0000000081e00000| Untracked 
|   7|0x0000000081f00000, 0x0000000081f9e000, 0x0000000082000000| 61%| O|  |TAMS 0x0000000081f00000, 0x0000000081f00000| Untracked 
|   8|0x0000000082000000, 0x0000000082000000, 0x0000000082100000|  0%| F|  |TAMS 0x0000000082000000, 0x0000000082000000| Untracked 
|   9|0x0000000082100000, 0x0000000082100000, 0x0000000082200000|  0%| F|  |TAMS 0x0000000082100000, 0x0000000082100000| Untracked 
|  10|0x0000000082200000, 0x0000000082200000, 0x0000000082300000|  0%| F|  |TAMS 0x0000000082200000, 0x0000000082200000| Untracked 
|  11|0x0000000082300000, 0x0000000082300000, 0x0000000082400000|  0%| F|  |TAMS 0x0000000082300000, 0x0000000082300000| Untracked 
|  12|0x0000000082400000, 0x0000000082400000, 0x0000000082500000|  0%| F|  |TAMS 0x0000000082400000, 0x0000000082400000| Untracked 
|  13|0x0000000082500000, 0x0000000082500000, 0x0000000082600000|  0%| F|  |TAMS 0x0000000082500000, 0x0000000082500000| Untracked 
|  14|0x0000000082600000, 0x0000000082600000, 0x0000000082700000|  0%| F|  |TAMS 0x0000000082600000, 0x0000000082600000| Untracked 
|  15|0x0000000082700000, 0x0000000082700000, 0x0000000082800000|  0%| F|  |TAMS 0x0000000082700000, 0x0000000082700000| Untracked 
|  16|0x0000000082800000, 0x0000000082800000, 0x0000000082900000|  0%| F|  |TAMS 0x0000000082800000, 0x0000000082800000| Untracked 
|  17|0x0000000082900000, 0x0000000082900000, 0x0000000082a00000|  0%| F|  |TAMS 0x0000000082900000, 0x0000000082900000| Untracked 
|  18|0x0000000082a00000, 0x0000000082a00000, 0x0000000082b00000|  0%| F|  |TAMS 0x0000000082a00000, 0x0000000082a00000| Untracked 
|  19|0x0000000082b00000, 0x0000000082b00000, 0x0000000082c00000|  0%| F|  |TAMS 0x0000000082b00000, 0x0000000082b00000| Untracked 
|  20|0x0000000082c00000, 0x0000000082c00000, 0x0000000082d00000|  0%| F|  |TAMS 0x0000000082c00000, 0x0000000082c00000| Untracked 
|  21|0x0000000082d00000, 0x0000000082d00000, 0x0000000082e00000|  0%| F|  |TAMS 0x0000000082d00000, 0x0000000082d00000| Untracked 
|  22|0x0000000082e00000, 0x0000000082e00000, 0x0000000082f00000|  0%| F|  |TAMS 0x0000000082e00000, 0x0000000082e00000| Untracked 
|  23|0x0000000082f00000, 0x0000000082f00000, 0x0000000083000000|  0%| F|  |TAMS 0x0000000082f00000, 0x0000000082f00000| Untracked 
|  24|0x0000000083000000, 0x0000000083000000, 0x0000000083100000|  0%| F|  |TAMS 0x0000000083000000, 0x0000000083000000| Untracked 
|  25|0x0000000083100000, 0x0000000083100000, 0x0000000083200000|  0%| F|  |TAMS 0x0000000083100000, 0x0000000083100000| Untracked 
|  26|0x0000000083200000, 0x0000000083200000, 0x0000000083300000|  0%| F|  |TAMS 0x0000000083200000, 0x0000000083200000| Untracked 
|  27|0x0000000083300000, 0x0000000083300000, 0x0000000083400000|  0%| F|  |TAMS 0x0000000083300000, 0x0000000083300000| Untracked 
|  28|0x0000000083400000, 0x0000000083400000, 0x0000000083500000|  0%| F|  |TAMS 0x0000000083400000, 0x0000000083400000| Untracked 
|  29|0x0000000083500000, 0x0000000083500000, 0x0000000083600000|  0%| F|  |TAMS 0x0000000083500000, 0x0000000083500000| Untracked 
|  30|0x0000000083600000, 0x0000000083600000, 0x0000000083700000|  0%| F|  |TAMS 0x0000000083600000, 0x0000000083600000| Untracked 
|  31|0x0000000083700000, 0x0000000083700000, 0x0000000083800000|  0%| F|  |TAMS 0x0000000083700000, 0x0000000083700000| Untracked 
|  32|0x0000000083800000, 0x0000000083800000, 0x0000000083900000|  0%| F|  |TAMS 0x0000000083800000, 0x0000000083800000| Untracked 
|  33|0x0000000083900000, 0x0000000083900000, 0x0000000083a00000|  0%| F|  |TAMS 0x0000000083900000, 0x0000000083900000| Untracked 
|  34|0x0000000083a00000, 0x0000000083a00000, 0x0000000083b00000|  0%| F|  |TAMS 0x0000000083a00000, 0x0000000083a00000| Untracked 
|  35|0x0000000083b00000, 0x0000000083b00000, 0x0000000083c00000|  0%| F|  |TAMS 0x0000000083b00000, 0x0000000083b00000| Untracked 
|  36|0x0000000083c00000, 0x0000000083c00000, 0x0000000083d00000|  0%| F|  |TAMS 0x0000000083c00000, 0x0000000083c00000| Untracked 
|  37|0x0000000083d00000, 0x0000000083d00000, 0x0000000083e00000|  0%| F|  |TAMS 0x0000000083d00000, 0x0000000083d00000| Untracked 
|  38|0x0000000083e00000, 0x0000000083e00000, 0x0000000083f00000|  0%| F|  |TAMS 0x0000000083e00000, 0x0000000083e00000| Untracked 
|  39|0x0000000083f00000, 0x0000000083f00000, 0x0000000084000000|  0%| F|  |TAMS 0x0000000083f00000, 0x0000000083f00000| Untracked 
|  40|0x0000000084000000, 0x0000000084000000, 0x0000000084100000|  0%| F|  |TAMS 0x0000000084000000, 0x0000000084000000| Untracked 
|  41|0x0000000084100000, 0x0000000084100000, 0x0000000084200000|  0%| F|  |TAMS 0x0000000084100000, 0x0000000084100000| Untracked 
|  42|0x0000000084200000, 0x0000000084200000, 0x0000000084300000|  0%| F|  |TAMS 0x0000000084200000, 0x0000000084200000| Untracked 
|  43|0x0000000084300000, 0x0000000084300000, 0x0000000084400000|  0%| F|  |TAMS 0x0000000084300000, 0x0000000084300000| Untracked 
|  44|0x0000000084400000, 0x0000000084400000, 0x0000000084500000|  0%| F|  |TAMS 0x0000000084400000, 0x0000000084400000| Untracked 
|  45|0x0000000084500000, 0x0000000084500000, 0x0000000084600000|  0%| F|  |TAMS 0x0000000084500000, 0x0000000084500000| Untracked 
|  46|0x0000000084600000, 0x0000000084600000, 0x0000000084700000|  0%| F|  |TAMS 0x0000000084600000, 0x0000000084600000| Untracked 
|  47|0x0000000084700000, 0x0000000084700000, 0x0000000084800000|  0%| F|  |TAMS 0x0000000084700000, 0x0000000084700000| Untracked 
|  48|0x0000000084800000, 0x0000000084800000, 0x0000000084900000|  0%| F|  |TAMS 0x0000000084800000, 0x0000000084800000| Untracked 
|  49|0x0000000084900000, 0x0000000084900000, 0x0000000084a00000|  0%| F|  |TAMS 0x0000000084900000, 0x0000000084900000| Untracked 
|  50|0x0000000084a00000, 0x0000000084a00000, 0x0000000084b00000|  0%| F|  |TAMS 0x0000000084a00000, 0x0000000084a00000| Untracked 
|  51|0x0000000084b00000, 0x0000000084b00000, 0x0000000084c00000|  0%| F|  |TAMS 0x0000000084b00000, 0x0000000084b00000| Untracked 
|  52|0x0000000084c00000, 0x0000000084c00000, 0x0000000084d00000|  0%| F|  |TAMS 0x0000000084c00000, 0x0000000084c00000| Untracked 
|  53|0x0000000084d00000, 0x0000000084d00000, 0x0000000084e00000|  0%| F|  |TAMS 0x0000000084d00000, 0x0000000084d00000| Untracked 
|  54|0x0000000084e00000, 0x0000000084e00000, 0x0000000084f00000|  0%| F|  |TAMS 0x0000000084e00000, 0x0000000084e00000| Untracked 
|  55|0x0000000084f00000, 0x0000000084f00000, 0x0000000085000000|  0%| F|  |TAMS 0x0000000084f00000, 0x0000000084f00000| Untracked 
|  56|0x0000000085000000, 0x0000000085000000, 0x0000000085100000|  0%| F|  |TAMS 0x0000000085000000, 0x0000000085000000| Untracked 
|  57|0x0000000085100000, 0x0000000085100000, 0x0000000085200000|  0%| F|  |TAMS 0x0000000085100000, 0x0000000085100000| Untracked 
|  58|0x0000000085200000, 0x0000000085200000, 0x0000000085300000|  0%| F|  |TAMS 0x0000000085200000, 0x0000000085200000| Untracked 
|  59|0x0000000085300000, 0x0000000085300000, 0x0000000085400000|  0%| F|  |TAMS 0x0000000085300000, 0x0000000085300000| Untracked 
|  60|0x0000000085400000, 0x0000000085400000, 0x0000000085500000|  0%| F|  |TAMS 0x0000000085400000, 0x0000000085400000| Untracked 
|  61|0x0000000085500000, 0x0000000085500000, 0x0000000085600000|  0%| F|  |TAMS 0x0000000085500000, 0x0000000085500000| Untracked 
|  62|0x0000000085600000, 0x0000000085600000, 0x0000000085700000|  0%| F|  |TAMS 0x0000000085600000, 0x0000000085600000| Untracked 
|  63|0x0000000085700000, 0x0000000085700000, 0x0000000085800000|  0%| F|  |TAMS 0x0000000085700000, 0x0000000085700000| Untracked 
|  64|0x0000000085800000, 0x0000000085800000, 0x0000000085900000|  0%| F|  |TAMS 0x0000000085800000, 0x0000000085800000| Untracked 
|  65|0x0000000085900000, 0x0000000085900000, 0x0000000085a00000|  0%| F|  |TAMS 0x0000000085900000, 0x0000000085900000| Untracked 
|  66|0x0000000085a00000, 0x0000000085a00000, 0x0000000085b00000|  0%| F|  |TAMS 0x0000000085a00000, 0x0000000085a00000| Untracked 
|  67|0x0000000085b00000, 0x0000000085b00000, 0x0000000085c00000|  0%| F|  |TAMS 0x0000000085b00000, 0x0000000085b00000| Untracked 
|  68|0x0000000085c00000, 0x0000000085c00000, 0x0000000085d00000|  0%| F|  |TAMS 0x0000000085c00000, 0x0000000085c00000| Untracked 
|  69|0x0000000085d00000, 0x0000000085d00000, 0x0000000085e00000|  0%| F|  |TAMS 0x0000000085d00000, 0x0000000085d00000| Untracked 
|  70|0x0000000085e00000, 0x0000000085e00000, 0x0000000085f00000|  0%| F|  |TAMS 0x0000000085e00000, 0x0000000085e00000| Untracked 
|  71|0x0000000085f00000, 0x0000000085f00000, 0x0000000086000000|  0%| F|  |TAMS 0x0000000085f00000, 0x0000000085f00000| Untracked 
|  72|0x0000000086000000, 0x0000000086000000, 0x0000000086100000|  0%| F|  |TAMS 0x0000000086000000, 0x0000000086000000| Untracked 
|  73|0x0000000086100000, 0x0000000086100000, 0x0000000086200000|  0%| F|  |TAMS 0x0000000086100000, 0x0000000086100000| Untracked 
|  74|0x0000000086200000, 0x0000000086200000, 0x0000000086300000|  0%| F|  |TAMS 0x0000000086200000, 0x0000000086200000| Untracked 
|  75|0x0000000086300000, 0x0000000086300000, 0x0000000086400000|  0%| F|  |TAMS 0x0000000086300000, 0x0000000086300000| Untracked 
|  76|0x0000000086400000, 0x0000000086400000, 0x0000000086500000|  0%| F|  |TAMS 0x0000000086400000, 0x0000000086400000| Untracked 
|  77|0x0000000086500000, 0x0000000086500000, 0x0000000086600000|  0%| F|  |TAMS 0x0000000086500000, 0x0000000086500000| Untracked 
|  78|0x0000000086600000, 0x0000000086600000, 0x0000000086700000|  0%| F|  |TAMS 0x0000000086600000, 0x0000000086600000| Untracked 
|  79|0x0000000086700000, 0x0000000086700000, 0x0000000086800000|  0%| F|  |TAMS 0x0000000086700000, 0x0000000086700000| Untracked 
|  80|0x0000000086800000, 0x0000000086800000, 0x0000000086900000|  0%| F|  |TAMS 0x0000000086800000, 0x0000000086800000| Untracked 
|  81|0x0000000086900000, 0x0000000086900000, 0x0000000086a00000|  0%| F|  |TAMS 0x0000000086900000, 0x0000000086900000| Untracked 
|  82|0x0000000086a00000, 0x0000000086a00000, 0x0000000086b00000|  0%| F|  |TAMS 0x0000000086a00000, 0x0000000086a00000| Untracked 
|  83|0x0000000086b00000, 0x0000000086b00000, 0x0000000086c00000|  0%| F|  |TAMS 0x0000000086b00000, 0x0000000086b00000| Untracked 
|  84|0x0000000086c00000, 0x0000000086c00000, 0x0000000086d00000|  0%| F|  |TAMS 0x0000000086c00000, 0x0000000086c00000| Untracked 
|  85|0x0000000086d00000, 0x0000000086d00000, 0x0000000086e00000|  0%| F|  |TAMS 0x0000000086d00000, 0x0000000086d00000| Untracked 
|  86|0x0000000086e00000, 0x0000000086e00000, 0x0000000086f00000|  0%| F|  |TAMS 0x0000000086e00000, 0x0000000086e00000| Untracked 
|  87|0x0000000086f00000, 0x0000000086f00000, 0x0000000087000000|  0%| F|  |TAMS 0x0000000086f00000, 0x0000000086f00000| Untracked 
|  88|0x0000000087000000, 0x0000000087000000, 0x0000000087100000|  0%| F|  |TAMS 0x0000000087000000, 0x0000000087000000| Untracked 
|  89|0x0000000087100000, 0x0000000087100000, 0x0000000087200000|  0%| F|  |TAMS 0x0000000087100000, 0x0000000087100000| Untracked 
|  90|0x0000000087200000, 0x0000000087200000, 0x0000000087300000|  0%| F|  |TAMS 0x0000000087200000, 0x0000000087200000| Untracked 
|  91|0x0000000087300000, 0x0000000087300000, 0x0000000087400000|  0%| F|  |TAMS 0x0000000087300000, 0x0000000087300000| Untracked 
|  92|0x0000000087400000, 0x0000000087400000, 0x0000000087500000|  0%| F|  |TAMS 0x0000000087400000, 0x0000000087400000| Untracked 
|  93|0x0000000087500000, 0x0000000087500000, 0x0000000087600000|  0%| F|  |TAMS 0x0000000087500000, 0x0000000087500000| Untracked 
|  94|0x0000000087600000, 0x0000000087600000, 0x0000000087700000|  0%| F|  |TAMS 0x0000000087600000, 0x0000000087600000| Untracked 
|  95|0x0000000087700000, 0x0000000087700000, 0x0000000087800000|  0%| F|  |TAMS 0x0000000087700000, 0x0000000087700000| Untracked 
|  96|0x0000000087800000, 0x0000000087800000, 0x0000000087900000|  0%| F|  |TAMS 0x0000000087800000, 0x0000000087800000| Untracked 
|  97|0x0000000087900000, 0x0000000087900000, 0x0000000087a00000|  0%| F|  |TAMS 0x0000000087900000, 0x0000000087900000| Untracked 
|  98|0x0000000087a00000, 0x0000000087a00000, 0x0000000087b00000|  0%| F|  |TAMS 0x0000000087a00000, 0x0000000087a00000| Untracked 
|  99|0x0000000087b00000, 0x0000000087b00000, 0x0000000087c00000|  0%| F|  |TAMS 0x0000000087b00000, 0x0000000087b00000| Untracked 
| 100|0x0000000087c00000, 0x0000000087c00000, 0x0000000087d00000|  0%| F|  |TAMS 0x0000000087c00000, 0x0000000087c00000| Untracked 
| 101|0x0000000087d00000, 0x0000000087d00000, 0x0000000087e00000|  0%| F|  |TAMS 0x0000000087d00000, 0x0000000087d00000| Untracked 
| 102|0x0000000087e00000, 0x0000000087f00000, 0x0000000087f00000|100%| S|CS|TAMS 0x0000000087e00000, 0x0000000087e00000| Complete 
| 103|0x0000000087f00000, 0x0000000088000000, 0x0000000088000000|100%| S|CS|TAMS 0x0000000087f00000, 0x0000000087f00000| Complete 
| 104|0x0000000088000000, 0x0000000088100000, 0x0000000088100000|100%| S|CS|TAMS 0x0000000088000000, 0x0000000088000000| Complete 
| 105|0x0000000088100000, 0x0000000088100000, 0x0000000088200000|  0%| F|  |TAMS 0x0000000088100000, 0x0000000088100000| Untracked 
| 106|0x0000000088200000, 0x0000000088200000, 0x0000000088300000|  0%| F|  |TAMS 0x0000000088200000, 0x0000000088200000| Untracked 
| 107|0x0000000088300000, 0x0000000088300000, 0x0000000088400000|  0%| F|  |TAMS 0x0000000088300000, 0x0000000088300000| Untracked 
| 108|0x0000000088400000, 0x0000000088400000, 0x0000000088500000|  0%| F|  |TAMS 0x0000000088400000, 0x0000000088400000| Untracked 
| 109|0x0000000088500000, 0x0000000088500000, 0x0000000088600000|  0%| F|  |TAMS 0x0000000088500000, 0x0000000088500000| Untracked 
| 110|0x0000000088600000, 0x0000000088600000, 0x0000000088700000|  0%| F|  |TAMS 0x0000000088600000, 0x0000000088600000| Untracked 
| 111|0x0000000088700000, 0x0000000088700000, 0x0000000088800000|  0%| F|  |TAMS 0x0000000088700000, 0x0000000088700000| Untracked 
| 112|0x0000000088800000, 0x0000000088800000, 0x0000000088900000|  0%| F|  |TAMS 0x0000000088800000, 0x0000000088800000| Untracked 
| 113|0x0000000088900000, 0x0000000088900000, 0x0000000088a00000|  0%| F|  |TAMS 0x0000000088900000, 0x0000000088900000| Untracked 
| 114|0x0000000088a00000, 0x0000000088a00000, 0x0000000088b00000|  0%| F|  |TAMS 0x0000000088a00000, 0x0000000088a00000| Untracked 
| 115|0x0000000088b00000, 0x0000000088b00000, 0x0000000088c00000|  0%| F|  |TAMS 0x0000000088b00000, 0x0000000088b00000| Untracked 
| 116|0x0000000088c00000, 0x0000000088c00000, 0x0000000088d00000|  0%| F|  |TAMS 0x0000000088c00000, 0x0000000088c00000| Untracked 
| 117|0x0000000088d00000, 0x0000000088d00000, 0x0000000088e00000|  0%| F|  |TAMS 0x0000000088d00000, 0x0000000088d00000| Untracked 
| 118|0x0000000088e00000, 0x0000000088e80be8, 0x0000000088f00000| 50%| E|  |TAMS 0x0000000088e00000, 0x0000000088e00000| Complete 
| 119|0x0000000088f00000, 0x0000000089000000, 0x0000000089000000|100%| E|CS|TAMS 0x0000000088f00000, 0x0000000088f00000| Complete 
| 120|0x0000000089000000, 0x0000000089100000, 0x0000000089100000|100%| E|CS|TAMS 0x0000000089000000, 0x0000000089000000| Complete 
| 121|0x0000000089100000, 0x0000000089200000, 0x0000000089200000|100%| E|CS|TAMS 0x0000000089100000, 0x0000000089100000| Complete 
| 122|0x0000000089200000, 0x0000000089300000, 0x0000000089300000|100%| E|CS|TAMS 0x0000000089200000, 0x0000000089200000| Complete 
| 123|0x0000000089300000, 0x0000000089400000, 0x0000000089400000|100%| E|CS|TAMS 0x0000000089300000, 0x0000000089300000| Complete 
| 124|0x0000000089400000, 0x0000000089500000, 0x0000000089500000|100%| E|CS|TAMS 0x0000000089400000, 0x0000000089400000| Complete 
| 125|0x0000000089500000, 0x0000000089600000, 0x0000000089600000|100%| E|CS|TAMS 0x0000000089500000, 0x0000000089500000| Complete 
| 126|0x0000000089600000, 0x0000000089700000, 0x0000000089700000|100%| E|CS|TAMS 0x0000000089600000, 0x0000000089600000| Complete 
| 127|0x0000000089700000, 0x0000000089800000, 0x0000000089800000|100%| E|CS|TAMS 0x0000000089700000, 0x0000000089700000| Complete 

Card table byte_map: [0x000001cf7f080000,0x000001cf7f480000] _byte_map_base: 0x000001cf7ec74000

Marking Bits (Prev, Next): (CMBitMap*) 0x000001cf7b4dfaf0, (CMBitMap*) 0x000001cf7b4dfb30
 Prev Bits: [0x000001cf0f000000, 0x000001cf10fa0000)
 Next Bits: [0x000001cf10fa0000, 0x000001cf12f40000)

Polling page: 0x000001cf79440000

Metaspace:

Usage:
  Non-class:     10.81 MB used.
      Class:      1.34 MB used.
       Both:     12.15 MB used.

Virtual space:
  Non-class space:       64.00 MB reserved,      10.88 MB ( 17%) committed,  1 nodes.
      Class space:        1.00 GB reserved,       1.44 MB ( <1%) committed,  1 nodes.
             Both:        1.06 GB reserved,      12.31 MB (  1%) committed. 

Chunk freelists:
   Non-Class:  4.38 MB
       Class:  14.45 MB
        Both:  18.83 MB

MaxMetaspaceSize: unlimited
CompressedClassSpaceSize: 1.00 GB
Initial GC threshold: 21.00 MB
Current GC threshold: 21.00 MB
CDS: off
MetaspaceReclaimPolicy: balanced
 - commit_granule_bytes: 65536.
 - commit_granule_words: 8192.
 - virtual_space_node_default_size: 8388608.
 - enlarge_chunks_in_place: 1.
 - new_chunks_are_fully_committed: 0.
 - uncommit_free_chunks: 1.
 - use_allocation_guard: 0.
 - handle_deallocations: 1.


Internal statistics:

num_allocs_failed_limit: 0.
num_arena_births: 56.
num_arena_deaths: 0.
num_vsnodes_births: 2.
num_vsnodes_deaths: 0.
num_space_committed: 197.
num_space_uncommitted: 0.
num_chunks_returned_to_freelist: 0.
num_chunks_taken_from_freelist: 204.
num_chunk_merges: 0.
num_chunk_splits: 129.
num_chunks_enlarged: 103.
num_inconsistent_stats: 0.

CodeHeap 'non-profiled nmethods': size=120000Kb used=391Kb max_used=391Kb free=119609Kb
 bounds [0x000001cf07ad0000, 0x000001cf07d40000, 0x000001cf0f000000]
CodeHeap 'profiled nmethods': size=120000Kb used=1878Kb max_used=1878Kb free=118121Kb
 bounds [0x000001cf00000000, 0x000001cf00270000, 0x000001cf07530000]
CodeHeap 'non-nmethods': size=5760Kb used=1139Kb max_used=1159Kb free=4620Kb
 bounds [0x000001cf07530000, 0x000001cf077a0000, 0x000001cf07ad0000]
 total_blobs=1417 nmethods=991 adapters=339
 compilation: enabled
              stopped_count=0, restarted_count=0
 full_count=0

Compilation events (20 events):
Event: 4.235 Thread 0x000001cf153d58d0  888       4       jdk.internal.org.objectweb.asm.SymbolTable::get (13 bytes)
Event: 4.235 Thread 0x000001cf153daa40 nmethod 899 0x000001cf001a5e90 code [0x000001cf001a6080, 0x000001cf001a6398]
Event: 4.236 Thread 0x000001cf153d58d0 nmethod 888 0x000001cf07b2d790 code [0x000001cf07b2d900, 0x000001cf07b2d9d8]
Event: 4.239 Thread 0x000001cf153d58d0  900       4       java.lang.CharacterData::of (136 bytes)
Event: 4.239 Thread 0x000001cf153d58d0 nmethod 900 0x000001cf07b2da90 code [0x000001cf07b2dc00, 0x000001cf07b2dc78]
Event: 4.247 Thread 0x000001cf153d58d0  902       4       java.util.WeakHashMap::indexFor (6 bytes)
Event: 4.247 Thread 0x000001cf153daa40  901       3       java.util.WeakHashMap::getTable (9 bytes)
Event: 4.247 Thread 0x000001cf153daa40 nmethod 901 0x000001cf001a6510 code [0x000001cf001a66a0, 0x000001cf001a67e8]
Event: 4.247 Thread 0x000001cf153d58d0 nmethod 902 0x000001cf07b2dd90 code [0x000001cf07b2df00, 0x000001cf07b2df58]
Event: 4.250 Thread 0x000001cf153daa40  903       3       java.util.ArrayList::<init> (12 bytes)
Event: 4.250 Thread 0x000001cf153daa40 nmethod 903 0x000001cf001a6890 code [0x000001cf001a6a40, 0x000001cf001a6cd8]
Event: 4.274 Thread 0x000001cf153daa40  904       3       java.util.jar.Manifest::getTrustedAttributes (57 bytes)
Event: 4.275 Thread 0x000001cf153daa40 nmethod 904 0x000001cf001a6e10 code [0x000001cf001a7080, 0x000001cf001a79f8]
Event: 4.280 Thread 0x000001cf153daa40  906       3       java.util.WeakHashMap::remove (131 bytes)
Event: 4.281 Thread 0x000001cf153daa40 nmethod 906 0x000001cf001a7d90 code [0x000001cf001a7fe0, 0x000001cf001a8b18]
Event: 4.297 Thread 0x000001cf153d58d0  907   !   4       java.util.concurrent.ConcurrentHashMap::putVal (432 bytes)
Event: 4.297 Thread 0x000001cf153daa40  908       3       java.lang.invoke.MemberName::isResolved (13 bytes)
Event: 4.297 Thread 0x000001cf153daa40 nmethod 908 0x000001cf001a8f10 code [0x000001cf001a90a0, 0x000001cf001a9218]
Event: 4.298 Thread 0x000001cf153daa40  909   !   3       java.lang.invoke.MemberName::clone (14 bytes)
Event: 4.298 Thread 0x000001cf153daa40 nmethod 909 0x000001cf001a9290 code [0x000001cf001a9460, 0x000001cf001a97d8]

GC Heap History (2 events):
Event: 3.935 GC heap before
{Heap before GC invocations=0 (full 0):
 garbage-first heap   total 131072K, used 26624K [0x0000000081800000, 0x0000000100000000)
  region size 1024K, 23 young (23552K), 0 survivors (0K)
 Metaspace       used 9402K, committed 9600K, reserved 1114112K
  class space    used 871K, committed 960K, reserved 1048576K
}
Event: 3.944 GC heap after
{Heap after GC invocations=1 (full 0):
 garbage-first heap   total 131072K, used 10872K [0x0000000081800000, 0x0000000100000000)
  region size 1024K, 3 young (3072K), 3 survivors (3072K)
 Metaspace       used 9402K, committed 9600K, reserved 1114112K
  class space    used 871K, committed 960K, reserved 1048576K
}

Dll operation events (2 events):
Event: 0.095 Loaded shared library C:\Program Files\Android\Android Studio\jbr\bin\java.dll
Event: 0.551 Loaded shared library C:\Program Files\Android\Android Studio\jbr\bin\verify.dll

Deoptimization events (20 events):
Event: 4.131 Thread 0x000001cf7b482ec0 Uncommon trap: trap_request=0xffffff45 fr.pc=0x000001cf07aee6c4 relative=0x00000000000001a4
Event: 4.131 Thread 0x000001cf7b482ec0 Uncommon trap: reason=unstable_if action=reinterpret pc=0x000001cf07aee6c4 method=java.util.regex.Matcher.reset()Ljava/util/regex/Matcher; @ 47 c2
Event: 4.131 Thread 0x000001cf7b482ec0 DEOPT PACKING pc=0x000001cf07aee6c4 sp=0x0000006aa46fd420
Event: 4.131 Thread 0x000001cf7b482ec0 DEOPT UNPACKING pc=0x000001cf075869a3 sp=0x0000006aa46fd3a8 mode 2
Event: 4.131 Thread 0x000001cf7b482ec0 Uncommon trap: trap_request=0xffffffde fr.pc=0x000001cf07af28b4 relative=0x0000000000000554
Event: 4.131 Thread 0x000001cf7b482ec0 Uncommon trap: reason=class_check action=maybe_recompile pc=0x000001cf07af28b4 method=java.util.regex.Matcher.match(II)Z @ 121 c2
Event: 4.131 Thread 0x000001cf7b482ec0 DEOPT PACKING pc=0x000001cf07af28b4 sp=0x0000006aa46fd470
Event: 4.131 Thread 0x000001cf7b482ec0 DEOPT UNPACKING pc=0x000001cf075869a3 sp=0x0000006aa46fd408 mode 2
Event: 4.131 Thread 0x000001cf7b482ec0 Uncommon trap: trap_request=0xffffffde fr.pc=0x000001cf07af28b4 relative=0x0000000000000554
Event: 4.131 Thread 0x000001cf7b482ec0 Uncommon trap: reason=class_check action=maybe_recompile pc=0x000001cf07af28b4 method=java.util.regex.Matcher.match(II)Z @ 121 c2
Event: 4.131 Thread 0x000001cf7b482ec0 DEOPT PACKING pc=0x000001cf07af28b4 sp=0x0000006aa46fd470
Event: 4.131 Thread 0x000001cf7b482ec0 DEOPT UNPACKING pc=0x000001cf075869a3 sp=0x0000006aa46fd408 mode 2
Event: 4.132 Thread 0x000001cf7b482ec0 Uncommon trap: trap_request=0xffffffde fr.pc=0x000001cf07af28b4 relative=0x0000000000000554
Event: 4.132 Thread 0x000001cf7b482ec0 Uncommon trap: reason=class_check action=maybe_recompile pc=0x000001cf07af28b4 method=java.util.regex.Matcher.match(II)Z @ 121 c2
Event: 4.132 Thread 0x000001cf7b482ec0 DEOPT PACKING pc=0x000001cf07af28b4 sp=0x0000006aa46fd300
Event: 4.132 Thread 0x000001cf7b482ec0 DEOPT UNPACKING pc=0x000001cf075869a3 sp=0x0000006aa46fd298 mode 2
Event: 4.132 Thread 0x000001cf7b482ec0 Uncommon trap: trap_request=0xffffffde fr.pc=0x000001cf07af28b4 relative=0x0000000000000554
Event: 4.132 Thread 0x000001cf7b482ec0 Uncommon trap: reason=class_check action=maybe_recompile pc=0x000001cf07af28b4 method=java.util.regex.Matcher.match(II)Z @ 121 c2
Event: 4.132 Thread 0x000001cf7b482ec0 DEOPT PACKING pc=0x000001cf07af28b4 sp=0x0000006aa46fd300
Event: 4.132 Thread 0x000001cf7b482ec0 DEOPT UNPACKING pc=0x000001cf075869a3 sp=0x0000006aa46fd298 mode 2

Classes unloaded (0 events):
No events

Classes redefined (0 events):
No events

Internal exceptions (10 events):
Event: 1.195 Thread 0x000001cf7b482ec0 Exception <a 'java/lang/NoSuchMethodError'{0x000000008944e290}: 'int java.lang.invoke.DirectMethodHandle$Holder.invokeStaticInit(java.lang.Object, java.lang.Object)'> (0x000000008944e290) 
thrown [s\src\hotspot\share\interpreter\linkResolver.cpp, line 771]
Event: 4.150 Thread 0x000001cf7b482ec0 Exception <a 'java/lang/NoSuchMethodError'{0x00000000894f4948}: 'void java.lang.invoke.DirectMethodHandle$Holder.invokeStatic(java.lang.Object, java.lang.Object)'> (0x00000000894f4948) 
thrown [s\src\hotspot\share\interpreter\linkResolver.cpp, line 771]
Event: 4.188 Thread 0x000001cf7b482ec0 Exception <a 'java/lang/NoClassDefFoundError'{0x0000000089392c40}: org/slf4j/impl/StaticMarkerBinder> (0x0000000089392c40) 
thrown [s\src\hotspot\share\classfile\systemDictionary.cpp, line 245]
Event: 4.203 Thread 0x000001cf7b482ec0 Exception <a 'java/lang/NoSuchMethodError'{0x0000000089204048}: 'java.lang.Object java.lang.invoke.DirectMethodHandle$Holder.invokeVirtual(java.lang.Object, java.lang.Object, java.lang.Object)'> (0x0000000089204048) 
thrown [s\src\hotspot\share\interpreter\linkResolver.cpp, line 771]
Event: 4.215 Thread 0x000001cf7b482ec0 Exception <a 'java/lang/NoSuchMethodError'{0x000000008924abc8}: 'java.lang.Object java.lang.invoke.DirectMethodHandle$Holder.invokeVirtual(java.lang.Object, java.lang.Object, java.lang.Object, java.lang.Object, java.lang.Object, java.lang.Object, java.lang.Object)'> (0x000000008924abc8) 
thrown [s\src\hotspot\share\interpreter\linkResolver.cpp, line 771]
Event: 4.222 Thread 0x000001cf7b482ec0 Exception <a 'java/lang/NoSuchMethodError'{0x000000008925c188}: 'java.lang.Object java.lang.invoke.Invokers$Holder.invoker(java.lang.Object, java.lang.Object, java.lang.Object)'> (0x000000008925c188) 
thrown [s\src\hotspot\share\interpreter\linkResolver.cpp, line 771]
Event: 4.224 Thread 0x000001cf7b482ec0 Exception <a 'java/lang/NoSuchMethodError'{0x00000000892650d8}: 'java.lang.Object java.lang.invoke.DirectMethodHandle$Holder.invokeStatic(java.lang.Object, java.lang.Object, int)'> (0x00000000892650d8) 
thrown [s\src\hotspot\share\interpreter\linkResolver.cpp, line 771]
Event: 4.226 Thread 0x000001cf7b482ec0 Exception <a 'java/lang/NoSuchMethodError'{0x0000000089270dc8}: 'void java.lang.invoke.DelegatingMethodHandle$Holder.delegate(java.lang.Object, java.lang.Object, int, java.lang.Object)'> (0x0000000089270dc8) 
thrown [s\src\hotspot\share\interpreter\linkResolver.cpp, line 771]
Event: 4.227 Thread 0x000001cf7b482ec0 Exception <a 'java/lang/NoSuchMethodError'{0x0000000089274f10}: 'int java.lang.invoke.DirectMethodHandle$Holder.invokeSpecial(java.lang.Object, java.lang.Object, java.lang.Object)'> (0x0000000089274f10) 
thrown [s\src\hotspot\share\interpreter\linkResolver.cpp, line 771]
Event: 4.230 Thread 0x000001cf7b482ec0 Exception <a 'java/lang/NoSuchMethodError'{0x0000000089288388}: 'java.lang.Object java.lang.invoke.Invokers$Holder.invokeExact_MT(java.lang.Object, java.lang.Object, java.lang.Object, java.lang.Object)'> (0x0000000089288388) 
thrown [s\src\hotspot\share\interpreter\linkResolver.cpp, line 771]

VM Operations (12 events):
Event: 0.522 Executing VM operation: HandshakeAllThreads
Event: 0.522 Executing VM operation: HandshakeAllThreads done
Event: 1.522 Executing VM operation: Cleanup
Event: 1.527 Executing VM operation: Cleanup done
Event: 3.551 Executing VM operation: Cleanup
Event: 3.551 Executing VM operation: Cleanup done
Event: 3.931 Executing VM operation: HandshakeAllThreads
Event: 3.932 Executing VM operation: HandshakeAllThreads done
Event: 3.933 Executing VM operation: G1CollectForAllocation
Event: 3.944 Executing VM operation: G1CollectForAllocation done
Event: 4.223 Executing VM operation: HandshakeAllThreads
Event: 4.223 Executing VM operation: HandshakeAllThreads done

Events (20 events):
Event: 4.298 loading class java/util/concurrent/ThreadPoolExecutor$Worker done
Event: 4.299 loading class java/lang/Thread$State
Event: 4.299 loading class java/lang/Thread$State done
Event: 4.299 Thread 0x000001cf1a731890 Thread added: 0x000001cf1a731890
Event: 4.300 loading class java/util/concurrent/TimeUnit$1
Event: 4.300 loading class java/util/concurrent/TimeUnit$1 done
Event: 4.300 loading class java/time/temporal/ChronoUnit
Event: 4.300 loading class java/time/temporal/TemporalUnit
Event: 4.301 loading class java/time/temporal/TemporalUnit done
Event: 4.301 loading class java/time/temporal/ChronoUnit done
Event: 4.301 loading class java/time/Duration
Event: 4.301 loading class java/time/temporal/TemporalAmount
Event: 4.301 loading class java/time/temporal/TemporalAmount done
Event: 4.302 loading class java/time/Duration done
Event: 4.302 loading class java/util/concurrent/locks/AbstractQueuedSynchronizer$ConditionNode
Event: 4.302 loading class java/util/concurrent/ForkJoinPool$ManagedBlocker
Event: 4.302 loading class java/util/concurrent/ForkJoinPool$ManagedBlocker done
Event: 4.302 loading class java/util/concurrent/locks/AbstractQueuedSynchronizer$Node
Event: 4.302 loading class java/util/concurrent/locks/AbstractQueuedSynchronizer$Node done
Event: 4.302 loading class java/util/concurrent/locks/AbstractQueuedSynchronizer$ConditionNode done


Dynamic libraries:
0x00007ff6660e0000 - 0x00007ff6660ea000 	C:\Program Files\Android\Android Studio\jbr\bin\java.exe
0x00007ffc41e70000 - 0x00007ffc42087000 	C:\WINDOWS\SYSTEM32\ntdll.dll
0x00007ffc40cc0000 - 0x00007ffc40d84000 	C:\WINDOWS\System32\KERNEL32.DLL
0x00007ffc3f7f0000 - 0x00007ffc3fb9d000 	C:\WINDOWS\System32\KERNELBASE.dll
0x00007ffc3f190000 - 0x00007ffc3f2a1000 	C:\WINDOWS\System32\ucrtbase.dll
0x00007ffc22910000 - 0x00007ffc2292b000 	C:\Program Files\Android\Android Studio\jbr\bin\VCRUNTIME140.dll
0x00007ffc1ffa0000 - 0x00007ffc1ffb7000 	C:\Program Files\Android\Android Studio\jbr\bin\jli.dll
0x00007ffc41620000 - 0x00007ffc417ce000 	C:\WINDOWS\System32\USER32.dll
0x00007ffc2f010000 - 0x00007ffc2f2a3000 	C:\WINDOWS\WinSxS\amd64_microsoft.windows.common-controls_6595b64144ccf1df_6.0.22621.3672_none_2713b9d173822955\COMCTL32.dll
0x00007ffc3f650000 - 0x00007ffc3f676000 	C:\WINDOWS\System32\win32u.dll
0x00007ffc417d0000 - 0x00007ffc417f9000 	C:\WINDOWS\System32\GDI32.dll
0x00007ffc3f420000 - 0x00007ffc3f539000 	C:\WINDOWS\System32\gdi32full.dll
0x00007ffc40df0000 - 0x00007ffc40e97000 	C:\WINDOWS\System32\msvcrt.dll
0x00007ffc3f5b0000 - 0x00007ffc3f64a000 	C:\WINDOWS\System32\msvcp_win.dll
0x00007ffc40d90000 - 0x00007ffc40dc1000 	C:\WINDOWS\System32\IMM32.DLL
0x00007ffc32bd0000 - 0x00007ffc32bdc000 	C:\Program Files\Android\Android Studio\jbr\bin\vcruntime140_1.dll
0x00007ffbea3a0000 - 0x00007ffbea42d000 	C:\Program Files\Android\Android Studio\jbr\bin\msvcp140.dll
0x00007ffbcb430000 - 0x00007ffbcc0b0000 	C:\Program Files\Android\Android Studio\jbr\bin\server\jvm.dll
0x00007ffc41000000 - 0x00007ffc410b2000 	C:\WINDOWS\System32\ADVAPI32.dll
0x00007ffc3fd00000 - 0x00007ffc3fda9000 	C:\WINDOWS\System32\sechost.dll
0x00007ffc3f7c0000 - 0x00007ffc3f7e8000 	C:\WINDOWS\System32\bcrypt.dll
0x00007ffc40330000 - 0x00007ffc40444000 	C:\WINDOWS\System32\RPCRT4.dll
0x00007ffc374a0000 - 0x00007ffc374d4000 	C:\WINDOWS\SYSTEM32\WINMM.dll
0x00007ffc30ef0000 - 0x00007ffc30ef9000 	C:\WINDOWS\SYSTEM32\WSOCK32.dll
0x00007ffc35c60000 - 0x00007ffc35c6a000 	C:\WINDOWS\SYSTEM32\VERSION.dll
0x00007ffc40140000 - 0x00007ffc401b1000 	C:\WINDOWS\System32\WS2_32.dll
0x00007ffc3e1c0000 - 0x00007ffc3e1d8000 	C:\WINDOWS\SYSTEM32\kernel.appcore.dll
0x00007ffc1f150000 - 0x00007ffc1f15a000 	C:\Program Files\Android\Android Studio\jbr\bin\jimage.dll
0x00007ffc3caf0000 - 0x00007ffc3cd22000 	C:\WINDOWS\SYSTEM32\DBGHELP.DLL
0x00007ffc3fdb0000 - 0x00007ffc4013d000 	C:\WINDOWS\System32\combase.dll
0x00007ffc401f0000 - 0x00007ffc402c7000 	C:\WINDOWS\System32\OLEAUT32.dll
0x00007ffc36130000 - 0x00007ffc36162000 	C:\WINDOWS\SYSTEM32\dbgcore.DLL
0x00007ffc3f740000 - 0x00007ffc3f7bb000 	C:\WINDOWS\System32\bcryptPrimitives.dll
0x00007ffc1f120000 - 0x00007ffc1f145000 	C:\Program Files\Android\Android Studio\jbr\bin\java.dll
0x00007ffc1d510000 - 0x00007ffc1d528000 	C:\Program Files\Android\Android Studio\jbr\bin\zip.dll
0x00007ffc40450000 - 0x00007ffc40cb8000 	C:\WINDOWS\System32\SHELL32.dll
0x00007ffc3d0e0000 - 0x00007ffc3d9de000 	C:\WINDOWS\SYSTEM32\windows.storage.dll
0x00007ffc3cfa0000 - 0x00007ffc3d0df000 	C:\WINDOWS\SYSTEM32\wintypes.dll
0x00007ffc41c20000 - 0x00007ffc41d19000 	C:\WINDOWS\System32\SHCORE.dll
0x00007ffc40ea0000 - 0x00007ffc40efe000 	C:\WINDOWS\System32\shlwapi.dll
0x00007ffc3f0c0000 - 0x00007ffc3f0e1000 	C:\WINDOWS\SYSTEM32\profapi.dll
0x00007ffc1d090000 - 0x00007ffc1d0a9000 	C:\Program Files\Android\Android Studio\jbr\bin\net.dll
0x00007ffc37740000 - 0x00007ffc37876000 	C:\WINDOWS\SYSTEM32\WINHTTP.dll
0x00007ffc3e630000 - 0x00007ffc3e699000 	C:\WINDOWS\system32\mswsock.dll
0x00007ffc1c2e0000 - 0x00007ffc1c2f6000 	C:\Program Files\Android\Android Studio\jbr\bin\nio.dll
0x00007ffc1efc0000 - 0x00007ffc1efd0000 	C:\Program Files\Android\Android Studio\jbr\bin\verify.dll
0x00007ffc38010000 - 0x00007ffc38037000 	C:\Users\erabl\.gradle\native\c067742578af261105cb4f569cf0c3c89f3d7b1fecec35dd04571415982c5e48\windows-amd64\native-platform.dll

dbghelp: loaded successfully - version: 4.0.5 - missing functions: none
symbol engine: initialized successfully - sym options: 0x614 - pdb path: .;C:\Program Files\Android\Android Studio\jbr\bin;C:\WINDOWS\SYSTEM32;C:\WINDOWS\WinSxS\amd64_microsoft.windows.common-controls_6595b64144ccf1df_6.0.22621.3672_none_2713b9d173822955;C:\Program Files\Android\Android Studio\jbr\bin\server;C:\Users\erabl\.gradle\native\c067742578af261105cb4f569cf0c3c89f3d7b1fecec35dd04571415982c5e48\windows-amd64

VM Arguments:
jvm_args: -Dorg.gradle.appname=gradlew 
java_command: org.gradle.wrapper.GradleWrapperMain -q -Ptarget-platform=android-x64 -Ptarget=C:\MyApp\alamode_app\lib\main.dart -Pbase-application-name=android.app.Application -Pdart-defines=RkxVVFRFUl9XRUJfQ0FOVkFTS0lUX1VSTD1odHRwczovL3d3dy5nc3RhdGljLmNvbS9mbHV0dGVyLWNhbnZhc2tpdC9lZGQ4NTQ2MTE2NDU3YmRmMWM1YmRmYjEzZWNiOTQ2M2QyYmI1ZWQ0Lw== -Pdart-obfuscation=false -Ptrack-widget-creation=true -Ptree-shake-icons=false -Pfilesystem-scheme=org-dartlang-root assembleDebug
java_class_path (initial): C:\MyApp\alamode_app\android\\gradle\wrapper\gradle-wrapper.jar
Launcher Type: SUN_STANDARD

[Global flags]
     intx CICompilerCount                          = 4                                         {product} {ergonomic}
     uint ConcGCThreads                            = 2                                         {product} {ergonomic}
     uint G1ConcRefinementThreads                  = 8                                         {product} {ergonomic}
   size_t G1HeapRegionSize                         = 1048576                                   {product} {ergonomic}
    uintx GCDrainStackTargetSize                   = 64                                        {product} {ergonomic}
   size_t InitialHeapSize                          = 134217728                                 {product} {ergonomic}
   size_t MarkStackSize                            = 4194304                                   {product} {ergonomic}
   size_t MaxHeapSize                              = 2122317824                                {product} {ergonomic}
   size_t MaxNewSize                               = 1272971264                                {product} {ergonomic}
   size_t MinHeapDeltaBytes                        = 1048576                                   {product} {ergonomic}
   size_t MinHeapSize                              = 8388608                                   {product} {ergonomic}
    uintx NonNMethodCodeHeapSize                   = 5839372                                {pd product} {ergonomic}
    uintx NonProfiledCodeHeapSize                  = 122909434                              {pd product} {ergonomic}
    uintx ProfiledCodeHeapSize                     = 122909434                              {pd product} {ergonomic}
    uintx ReservedCodeCacheSize                    = 251658240                              {pd product} {ergonomic}
     bool SegmentedCodeCache                       = true                                      {product} {ergonomic}
   size_t SoftMaxHeapSize                          = 2122317824                             {manageable} {ergonomic}
     bool UseCompressedClassPointers               = true                           {product lp64_product} {ergonomic}
     bool UseCompressedOops                        = true                           {product lp64_product} {ergonomic}
     bool UseG1GC                                  = true                                      {product} {ergonomic}
     bool UseLargePagesIndividualAllocation        = false                                  {pd product} {ergonomic}

Logging:
Log output configuration:
 #0: stdout all=warning uptime,level,tags
 #1: stderr all=off uptime,level,tags

Environment Variables:
JAVA_HOME=C:\Program Files\Android\Android Studio\jbr
CLASSPATH=C:\MyApp\alamode_app\android\\gradle\wrapper\gradle-wrapper.jar
PATH=C:\Program Files\Android\Android Studio\jbr\bin;C:\Program Files\Eclipse Adoptium\jdk-17.0.11.9-hotspot\bin;C:\Program Files\Eclipse Adoptium\jdk-17.0.11.9-hotspot\bin;C:\WINDOWS\system32;C:\WINDOWS;C:\WINDOWS\System32\Wbem;C:\WINDOWS\System32\WindowsPowerShell\v1.0\;C:\WINDOWS\System32\OpenSSH\;C:\Program Files\Intel\WiFi\bin\;C:\Program Files\Common Files\Intel\WirelessCommon\;C:\xampp\php;C:\ProgramData\ComposerSetup\bin;C:\ProgramData\chocolatey\bin;C:\xampp\apache;C:\Program Files\Microsoft SQL Server\130\Tools\Binn\;C:\Program Files\Microsoft SQL Server\Client SDK\ODBC\170\Tools\Binn\;C:\Program Files\Intel\Intel(R) Management Engine Components\DAL;C:\Program Files\Microsoft SQL Server\150\Tools\Binn\;C:\Program Files\dotnet\;C:\WINDOWS\system32;C:\WINDOWS;C:\WINDOWS\System32\Wbem;C:\WINDOWS\System32\WindowsPowerShell\v1.0\;C:\WINDOWS\System32\OpenSSH\;C:\Program Files\Git\cmd;C:\Users\erabl\AppData\Local\Pub\Cache\bin;C:\Program Files\nodejs\;C:\Program Files\Gradle\gradle-8.8\bin;C:\Users\erabl\AppData\Local\Microsoft\WindowsApps;C:\Users\erabl\AppData\Roaming\Composer\vendor\bin;C:\Users\erabl\AppData\Local\Programs\Microsoft VS Code\bin;C:\src\flutter\flutter\bin;C:\Users\erabl\.dotnet\tools;C:\Users\erabl\AppData\Local\Pub\Cache\bin;C:\Users\erabl\AppData\Roaming\npm;C:\Users\erabl\AppData\Local\Google\Cloud SDK\google-cloud-sdk\bin;C:\src\flutter\flutter\bin\mingit\cmd;C:\src\flutter\flutter\bin\mingit\cmd
USERNAME=erabl
OS=Windows_NT
PROCESSOR_IDENTIFIER=Intel64 Family 6 Model 142 Stepping 10, GenuineIntel
TMP=C:\Users\erabl\AppData\Local\Temp
TEMP=C:\Users\erabl\AppData\Local\Temp


JNI global refs:
JNI global refs: 9, weak refs: 0

JNI global refs memory usage: 843, weak refs: 841

OOME stack traces (most recent first):
Classloader memory used:
Loader bootstrap                                                                       : 1237K
Loader org.gradle.internal.classloader.VisitableURLClassLoader                         : 278K
Loader java.net.URLClassLoader                                                         : 28618B
Loader jdk.internal.loader.ClassLoaders$AppClassLoader                                 : 18431B

Classes loaded by more than one classloader:
Class org.gradle.internal.installation.GradleInstallation                             : loaded 2 times (x 73B)
Class org.gradle.cli.ParsedCommandLine                                                : loaded 2 times (x 78B)
Class org.gradle.api.Action                                                           : loaded 2 times (x 68B)
Class org.gradle.cli.CommandLineParser$OptionString                                   : loaded 2 times (x 71B)
Class org.gradle.internal.installation.GradleInstallation$1                           : loaded 2 times (x 73B)
Class org.gradle.cli.CommandLineParser$AfterOptions                                   : loaded 2 times (x 75B)
Class org.gradle.cli.CommandLineParser$AfterFirstSubCommand                           : loaded 2 times (x 75B)
Class org.gradle.internal.service.UnknownServiceException                             : loaded 2 times (x 81B)
Class org.gradle.api.GradleException                                                  : loaded 2 times (x 80B)
Class org.gradle.cli.CommandLineParser$KnownOptionParserState                         : loaded 2 times (x 74B)
Class org.gradle.cli.AbstractPropertiesCommandLineConverter                           : loaded 2 times (x 81B)
Class org.gradle.api.specs.Spec                                                       : loaded 2 times (x 68B)
Class org.gradle.cli.SystemPropertiesCommandLineConverter                             : loaded 2 times (x 81B)
Class org.gradle.internal.IoActions                                                   : loaded 2 times (x 69B)
Class org.gradle.internal.installation.CurrentGradleInstallation                      : loaded 2 times (x 71B)
Class org.gradle.internal.installation.CurrentGradleInstallationLocator               : loaded 2 times (x 69B)
Class org.gradle.cli.CommandLineParser                                                : loaded 2 times (x 77B)
Class org.gradle.cli.CommandLineParser$BeforeFirstSubCommand                          : loaded 2 times (x 75B)
Class org.gradle.cli.CommandLineOption                                                : loaded 2 times (x 84B)
Class org.gradle.cli.CommandLineParser$ParserState                                    : loaded 2 times (x 74B)
Class org.gradle.cli.CommandLineParser$MissingOptionArgState                          : loaded 2 times (x 75B)
Class org.gradle.api.UncheckedIOException                                             : loaded 2 times (x 80B)
Class org.gradle.cli.ParsedCommandLineOption                                          : loaded 2 times (x 74B)
Class org.gradle.internal.classloader.ClasspathUtil                                   : loaded 2 times (x 69B)
Class org.gradle.cli.CommandLineParser$UnknownOptionParserState                       : loaded 2 times (x 74B)
Class org.gradle.internal.service.ServiceLookupException                              : loaded 2 times (x 80B)
Class org.gradle.cli.CommandLineParser$OptionAwareParserState                         : loaded 2 times (x 75B)
Class org.gradle.cli.CommandLineParser$OptionParserState                              : loaded 2 times (x 73B)
Class org.gradle.internal.Cast                                                        : loaded 2 times (x 69B)
Class org.gradle.cli.CommandLineConverter                                             : loaded 2 times (x 68B)
Class org.gradle.internal.InternalTransformer                                         : loaded 2 times (x 68B)
Class org.gradle.cli.AbstractCommandLineConverter                                     : loaded 2 times (x 77B)
Class org.gradle.cli.CommandLineArgumentException                                     : loaded 2 times (x 80B)


---------------  S Y S T E M  ---------------

OS:
 Windows 11 , 64 bit Build 22621 (10.0.22621.3958)
OS uptime: 8 days 20:25 hours

CPU: total 8 (initial active 8) (4 cores per cpu, 2 threads per core) family 6 model 142 stepping 10 microcode 0xf0, cx8, cmov, fxsr, ht, mmx, 3dnowpref, sse, sse2, sse3, ssse3, sse4.1, sse4.2, popcnt, lzcnt, tsc, tscinvbit, avx, avx2, aes, erms, clmul, bmi1, bmi2, adx, fma, vzeroupper, clflush, clflushopt

Memory: 4k page, system-wide physical 8091M (37M free)
TotalPageFile size 32667M (AvailPageFile size 0M)
current process WorkingSet (physical memory assigned to process): 86M, peak: 86M
current process commit charge ("private bytes"): 224M, peak: 225M

vm_info: OpenJDK 64-Bit Server VM (17.0.7+0-b2043.56-10550314) for windows-amd64 JRE (17.0.7+0-b2043.56-10550314), built on Jul 24 2023 18:27:45 by "androidbuild" with MS VC++ 16.10 / 16.11 (VS2019)

END.
