#
# There is insufficient memory for the Java Runtime Environment to continue.
# Native memory allocation (malloc) failed to allocate 536336 bytes for Chunk::new
# Possible reasons:
#   The system is out of physical RAM or swap space
#   The process is running with CompressedOops enabled, and the Java Heap may be blocking the growth of the native heap
# Possible solutions:
#   Reduce memory load on the system
#   Increase physical memory or swap space
#   Check if swap backing store is full
#   Decrease Java heap size (-Xmx/-Xms)
#   Decrease number of Java threads
#   Decrease Java thread stack sizes (-Xss)
#   Set larger code cache with -XX:ReservedCodeCacheSize=
#   JVM is running with Unscaled Compressed Oops mode in which the Java heap is
#     placed in the first 4GB address space. The Java Heap base address is the
#     maximum limit for the native heap growth. Please use -XX:HeapBaseMinAddress
#     to set the Java Heap base and to place the Java Heap above 4GB virtual address.
# This output file may be truncated or incomplete.
#
#  Out of Memory Error (arena.cpp:189), pid=1460, tid=16196
#
# JRE version: OpenJDK Runtime Environment (17.0.7) (build 17.0.7+0-b2043.56-10550314)
# Java VM: OpenJDK 64-Bit Server VM (17.0.7+0-b2043.56-10550314, mixed mode, tiered, compressed oops, compressed class ptrs, g1 gc, windows-amd64)
# No core dump will be written. Minidumps are not enabled by default on client versions of Windows
#

---------------  S U M M A R Y ------------

Command Line: -Dorg.gradle.appname=gradlew org.gradle.wrapper.GradleWrapperMain -q -Ptarget-platform=android-x64 -Ptarget=C:\MyApp\alamode_app\lib\main.dart -Pbase-application-name=android.app.Application -Pdart-defines=RkxVVFRFUl9XRUJfQ0FOVkFTS0lUX1VSTD1odHRwczovL3d3dy5nc3RhdGljLmNvbS9mbHV0dGVyLWNhbnZhc2tpdC9lZGQ4NTQ2MTE2NDU3YmRmMWM1YmRmYjEzZWNiOTQ2M2QyYmI1ZWQ0Lw== -Pdart-obfuscation=false -Ptrack-widget-creation=true -Ptree-shake-icons=false -Pfilesystem-scheme=org-dartlang-root assembleDebug

Host: Intel(R) Core(TM) i5-8250U CPU @ 1.60GHz, 8 cores, 7G,  Windows 11 , 64 bit Build 22621 (10.0.22621.3958)
Time: Fri Aug 23 22:00:13 2024  Windows 11 , 64 bit Build 22621 (10.0.22621.3958) elapsed time: 2.995623 seconds (0d 0h 0m 2s)

---------------  T H R E A D  ---------------

Current thread (0x0000017d52063a50):  JavaThread "C2 CompilerThread0" daemon [_thread_in_native, id=16196, stack(0x0000005b12500000,0x0000005b12600000)]


Current CompileTask:
C2:   2996  783   !   4       jdk.internal.loader.URLClassPath$JarLoader::getResource (65 bytes)

Stack: [0x0000005b12500000,0x0000005b12600000]
Native frames: (J=compiled Java code, j=interpreted, Vv=VM code, C=native code)
V  [jvm.dll+0x683bfa]
V  [jvm.dll+0x8430a4]
V  [jvm.dll+0x8449be]
V  [jvm.dll+0x845023]
V  [jvm.dll+0x24ad2f]
V  [jvm.dll+0xac25c]
V  [jvm.dll+0xac82c]
V  [jvm.dll+0x2b218f]
V  [jvm.dll+0x58c2f7]
V  [jvm.dll+0x225a12]
V  [jvm.dll+0x21e91f]
V  [jvm.dll+0x21c56b]
V  [jvm.dll+0x1a605d]
V  [jvm.dll+0x22c148]
V  [jvm.dll+0x22a209]
V  [jvm.dll+0x7f858c]
V  [jvm.dll+0x7f2aea]
V  [jvm.dll+0x682a35]
C  [ucrtbase.dll+0x29333]
C  [KERNEL32.DLL+0x1257d]
C  [ntdll.dll+0x5af28]


---------------  P R O C E S S  ---------------

Threads class SMR info:
_java_thread_list=0x0000017d521ca400, length=12, elements={
0x0000017d33da3b30, 0x0000017d4db3a460, 0x0000017d4db3c2e0, 0x0000017d5202d470,
0x0000017d5202de20, 0x0000017d52062400, 0x0000017d52062cc0, 0x0000017d52063a50,
0x0000017d5206fa00, 0x0000017d52072400, 0x0000017d521bdf60, 0x0000017d521cc710
}

Java Threads: ( => current thread )
  0x0000017d33da3b30 JavaThread "main" [_thread_in_native, id=18416, stack(0x0000005b11800000,0x0000005b11900000)]
  0x0000017d4db3a460 JavaThread "Reference Handler" daemon [_thread_blocked, id=21796, stack(0x0000005b11f00000,0x0000005b12000000)]
  0x0000017d4db3c2e0 JavaThread "Finalizer" daemon [_thread_blocked, id=17592, stack(0x0000005b12000000,0x0000005b12100000)]
  0x0000017d5202d470 JavaThread "Signal Dispatcher" daemon [_thread_blocked, id=15884, stack(0x0000005b12100000,0x0000005b12200000)]
  0x0000017d5202de20 JavaThread "Attach Listener" daemon [_thread_blocked, id=20288, stack(0x0000005b12200000,0x0000005b12300000)]
  0x0000017d52062400 JavaThread "Service Thread" daemon [_thread_blocked, id=5956, stack(0x0000005b12300000,0x0000005b12400000)]
  0x0000017d52062cc0 JavaThread "Monitor Deflation Thread" daemon [_thread_blocked, id=2628, stack(0x0000005b12400000,0x0000005b12500000)]
=>0x0000017d52063a50 JavaThread "C2 CompilerThread0" daemon [_thread_in_native, id=16196, stack(0x0000005b12500000,0x0000005b12600000)]
  0x0000017d5206fa00 JavaThread "C1 CompilerThread0" daemon [_thread_blocked, id=23140, stack(0x0000005b12600000,0x0000005b12700000)]
  0x0000017d52072400 JavaThread "Sweeper thread" daemon [_thread_blocked, id=19380, stack(0x0000005b12700000,0x0000005b12800000)]
  0x0000017d521bdf60 JavaThread "Notification Thread" daemon [_thread_blocked, id=18336, stack(0x0000005b12800000,0x0000005b12900000)]
  0x0000017d521cc710 JavaThread "Common-Cleaner" daemon [_thread_blocked, id=24376, stack(0x0000005b12a00000,0x0000005b12b00000)]

Other Threads:
  0x0000017d4db56320 VMThread "VM Thread" [stack: 0x0000005b11e00000,0x0000005b11f00000] [id=18792]
  0x0000017d33e2ff50 WatcherThread [stack: 0x0000005b12900000,0x0000005b12a00000] [id=8804]
  0x0000017d33dffda0 GCTaskThread "GC Thread#0" [stack: 0x0000005b11900000,0x0000005b11a00000] [id=4852]
  0x0000017d52a07060 GCTaskThread "GC Thread#1" [stack: 0x0000005b12b00000,0x0000005b12c00000] [id=20636]
  0x0000017d5263ae80 GCTaskThread "GC Thread#2" [stack: 0x0000005b12c00000,0x0000005b12d00000] [id=14388]
  0x0000017d53be18d0 GCTaskThread "GC Thread#3" [stack: 0x0000005b12d00000,0x0000005b12e00000] [id=10896]
  0x0000017d529b9010 GCTaskThread "GC Thread#4" [stack: 0x0000005b12e00000,0x0000005b12f00000] [id=15280]
  0x0000017d33e109e0 ConcurrentGCThread "G1 Main Marker" [stack: 0x0000005b11a00000,0x0000005b11b00000] [id=2920]
  0x0000017d33e11b90 ConcurrentGCThread "G1 Conc#0" [stack: 0x0000005b11b00000,0x0000005b11c00000] [id=1336]
  0x0000017d4d9a30e0 ConcurrentGCThread "G1 Refine#0" [stack: 0x0000005b11c00000,0x0000005b11d00000] [id=18980]
  0x0000017d4d9a4b10 ConcurrentGCThread "G1 Service" [stack: 0x0000005b11d00000,0x0000005b11e00000] [id=11376]

Threads with active compile tasks:
C2 CompilerThread0     3050  783   !   4       jdk.internal.loader.URLClassPath$JarLoader::getResource (65 bytes)

VM state: not at safepoint (normal execution)

VM Mutex/Monitor currently owned by a thread: None

Heap address: 0x0000000081800000, size: 2024 MB, Compressed Oops mode: 32-bit

CDS archive(s) not mapped
Compressed class space mapped at: 0x0000000100000000-0x0000000140000000, reserved size: 1073741824
Narrow klass base: 0x0000000000000000, Narrow klass shift: 3, Narrow klass range: 0x140000000

GC Precious Log:
 CPUs: 8 total, 8 available
 Memory: 8091M
 Large Page Support: Disabled
 NUMA Support: Disabled
 Compressed Oops: Enabled (32-bit)
 Heap Region Size: 1M
 Heap Min Capacity: 8M
 Heap Initial Capacity: 128M
 Heap Max Capacity: 2024M
 Pre-touch: Disabled
 Parallel Workers: 8
 Concurrent Workers: 2
 Concurrent Refinement Workers: 8
 Periodic GC: Disabled

Heap:
 garbage-first heap   total 131072K, used 13998K [0x0000000081800000, 0x0000000100000000)
  region size 1024K, 7 young (7168K), 3 survivors (3072K)
 Metaspace       used 10853K, committed 11008K, reserved 1114112K
  class space    used 1097K, committed 1152K, reserved 1048576K

Heap Regions: E=young(eden), S=young(survivor), O=old, HS=humongous(starts), HC=humongous(continues), CS=collection set, F=free, OA=open archive, CA=closed archive, TAMS=top-at-mark-start (previous, next)
|   0|0x0000000081800000, 0x0000000081900000, 0x0000000081900000|100%|HS|  |TAMS 0x0000000081800000, 0x0000000081800000| Complete 
|   1|0x0000000081900000, 0x0000000081a00000, 0x0000000081a00000|100%|HC|  |TAMS 0x0000000081900000, 0x0000000081900000| Complete 
|   2|0x0000000081a00000, 0x0000000081b00000, 0x0000000081b00000|100%|HC|  |TAMS 0x0000000081a00000, 0x0000000081a00000| Complete 
|   3|0x0000000081b00000, 0x0000000081c00000, 0x0000000081c00000|100%|HC|  |TAMS 0x0000000081b00000, 0x0000000081b00000| Complete 
|   4|0x0000000081c00000, 0x0000000081d00000, 0x0000000081d00000|100%| O|  |TAMS 0x0000000081c00000, 0x0000000081c00000| Untracked 
|   5|0x0000000081d00000, 0x0000000081e00000, 0x0000000081e00000|100%| O|  |TAMS 0x0000000081d00000, 0x0000000081d00000| Untracked 
|   6|0x0000000081e00000, 0x0000000081f00000, 0x0000000081f00000|100%| O|  |TAMS 0x0000000081e00000, 0x0000000081e00000| Untracked 
|   7|0x0000000081f00000, 0x0000000081fab800, 0x0000000082000000| 66%| O|  |TAMS 0x0000000081f00000, 0x0000000081f00000| Untracked 
|   8|0x0000000082000000, 0x0000000082000000, 0x0000000082100000|  0%| F|  |TAMS 0x0000000082000000, 0x0000000082000000| Untracked 
|   9|0x0000000082100000, 0x0000000082100000, 0x0000000082200000|  0%| F|  |TAMS 0x0000000082100000, 0x0000000082100000| Untracked 
|  10|0x0000000082200000, 0x0000000082200000, 0x0000000082300000|  0%| F|  |TAMS 0x0000000082200000, 0x0000000082200000| Untracked 
|  11|0x0000000082300000, 0x0000000082300000, 0x0000000082400000|  0%| F|  |TAMS 0x0000000082300000, 0x0000000082300000| Untracked 
|  12|0x0000000082400000, 0x0000000082400000, 0x0000000082500000|  0%| F|  |TAMS 0x0000000082400000, 0x0000000082400000| Untracked 
|  13|0x0000000082500000, 0x0000000082500000, 0x0000000082600000|  0%| F|  |TAMS 0x0000000082500000, 0x0000000082500000| Untracked 
|  14|0x0000000082600000, 0x0000000082600000, 0x0000000082700000|  0%| F|  |TAMS 0x0000000082600000, 0x0000000082600000| Untracked 
|  15|0x0000000082700000, 0x0000000082700000, 0x0000000082800000|  0%| F|  |TAMS 0x0000000082700000, 0x0000000082700000| Untracked 
|  16|0x0000000082800000, 0x0000000082800000, 0x0000000082900000|  0%| F|  |TAMS 0x0000000082800000, 0x0000000082800000| Untracked 
|  17|0x0000000082900000, 0x0000000082900000, 0x0000000082a00000|  0%| F|  |TAMS 0x0000000082900000, 0x0000000082900000| Untracked 
|  18|0x0000000082a00000, 0x0000000082a00000, 0x0000000082b00000|  0%| F|  |TAMS 0x0000000082a00000, 0x0000000082a00000| Untracked 
|  19|0x0000000082b00000, 0x0000000082b00000, 0x0000000082c00000|  0%| F|  |TAMS 0x0000000082b00000, 0x0000000082b00000| Untracked 
|  20|0x0000000082c00000, 0x0000000082c00000, 0x0000000082d00000|  0%| F|  |TAMS 0x0000000082c00000, 0x0000000082c00000| Untracked 
|  21|0x0000000082d00000, 0x0000000082d00000, 0x0000000082e00000|  0%| F|  |TAMS 0x0000000082d00000, 0x0000000082d00000| Untracked 
|  22|0x0000000082e00000, 0x0000000082e00000, 0x0000000082f00000|  0%| F|  |TAMS 0x0000000082e00000, 0x0000000082e00000| Untracked 
|  23|0x0000000082f00000, 0x0000000082f00000, 0x0000000083000000|  0%| F|  |TAMS 0x0000000082f00000, 0x0000000082f00000| Untracked 
|  24|0x0000000083000000, 0x0000000083000000, 0x0000000083100000|  0%| F|  |TAMS 0x0000000083000000, 0x0000000083000000| Untracked 
|  25|0x0000000083100000, 0x0000000083100000, 0x0000000083200000|  0%| F|  |TAMS 0x0000000083100000, 0x0000000083100000| Untracked 
|  26|0x0000000083200000, 0x0000000083200000, 0x0000000083300000|  0%| F|  |TAMS 0x0000000083200000, 0x0000000083200000| Untracked 
|  27|0x0000000083300000, 0x0000000083300000, 0x0000000083400000|  0%| F|  |TAMS 0x0000000083300000, 0x0000000083300000| Untracked 
|  28|0x0000000083400000, 0x0000000083400000, 0x0000000083500000|  0%| F|  |TAMS 0x0000000083400000, 0x0000000083400000| Untracked 
|  29|0x0000000083500000, 0x0000000083500000, 0x0000000083600000|  0%| F|  |TAMS 0x0000000083500000, 0x0000000083500000| Untracked 
|  30|0x0000000083600000, 0x0000000083600000, 0x0000000083700000|  0%| F|  |TAMS 0x0000000083600000, 0x0000000083600000| Untracked 
|  31|0x0000000083700000, 0x0000000083700000, 0x0000000083800000|  0%| F|  |TAMS 0x0000000083700000, 0x0000000083700000| Untracked 
|  32|0x0000000083800000, 0x0000000083800000, 0x0000000083900000|  0%| F|  |TAMS 0x0000000083800000, 0x0000000083800000| Untracked 
|  33|0x0000000083900000, 0x0000000083900000, 0x0000000083a00000|  0%| F|  |TAMS 0x0000000083900000, 0x0000000083900000| Untracked 
|  34|0x0000000083a00000, 0x0000000083a00000, 0x0000000083b00000|  0%| F|  |TAMS 0x0000000083a00000, 0x0000000083a00000| Untracked 
|  35|0x0000000083b00000, 0x0000000083b00000, 0x0000000083c00000|  0%| F|  |TAMS 0x0000000083b00000, 0x0000000083b00000| Untracked 
|  36|0x0000000083c00000, 0x0000000083c00000, 0x0000000083d00000|  0%| F|  |TAMS 0x0000000083c00000, 0x0000000083c00000| Untracked 
|  37|0x0000000083d00000, 0x0000000083d00000, 0x0000000083e00000|  0%| F|  |TAMS 0x0000000083d00000, 0x0000000083d00000| Untracked 
|  38|0x0000000083e00000, 0x0000000083e00000, 0x0000000083f00000|  0%| F|  |TAMS 0x0000000083e00000, 0x0000000083e00000| Untracked 
|  39|0x0000000083f00000, 0x0000000083f00000, 0x0000000084000000|  0%| F|  |TAMS 0x0000000083f00000, 0x0000000083f00000| Untracked 
|  40|0x0000000084000000, 0x0000000084000000, 0x0000000084100000|  0%| F|  |TAMS 0x0000000084000000, 0x0000000084000000| Untracked 
|  41|0x0000000084100000, 0x0000000084100000, 0x0000000084200000|  0%| F|  |TAMS 0x0000000084100000, 0x0000000084100000| Untracked 
|  42|0x0000000084200000, 0x0000000084200000, 0x0000000084300000|  0%| F|  |TAMS 0x0000000084200000, 0x0000000084200000| Untracked 
|  43|0x0000000084300000, 0x0000000084300000, 0x0000000084400000|  0%| F|  |TAMS 0x0000000084300000, 0x0000000084300000| Untracked 
|  44|0x0000000084400000, 0x0000000084400000, 0x0000000084500000|  0%| F|  |TAMS 0x0000000084400000, 0x0000000084400000| Untracked 
|  45|0x0000000084500000, 0x0000000084500000, 0x0000000084600000|  0%| F|  |TAMS 0x0000000084500000, 0x0000000084500000| Untracked 
|  46|0x0000000084600000, 0x0000000084600000, 0x0000000084700000|  0%| F|  |TAMS 0x0000000084600000, 0x0000000084600000| Untracked 
|  47|0x0000000084700000, 0x0000000084700000, 0x0000000084800000|  0%| F|  |TAMS 0x0000000084700000, 0x0000000084700000| Untracked 
|  48|0x0000000084800000, 0x0000000084800000, 0x0000000084900000|  0%| F|  |TAMS 0x0000000084800000, 0x0000000084800000| Untracked 
|  49|0x0000000084900000, 0x0000000084900000, 0x0000000084a00000|  0%| F|  |TAMS 0x0000000084900000, 0x0000000084900000| Untracked 
|  50|0x0000000084a00000, 0x0000000084a00000, 0x0000000084b00000|  0%| F|  |TAMS 0x0000000084a00000, 0x0000000084a00000| Untracked 
|  51|0x0000000084b00000, 0x0000000084b00000, 0x0000000084c00000|  0%| F|  |TAMS 0x0000000084b00000, 0x0000000084b00000| Untracked 
|  52|0x0000000084c00000, 0x0000000084c00000, 0x0000000084d00000|  0%| F|  |TAMS 0x0000000084c00000, 0x0000000084c00000| Untracked 
|  53|0x0000000084d00000, 0x0000000084d00000, 0x0000000084e00000|  0%| F|  |TAMS 0x0000000084d00000, 0x0000000084d00000| Untracked 
|  54|0x0000000084e00000, 0x0000000084e00000, 0x0000000084f00000|  0%| F|  |TAMS 0x0000000084e00000, 0x0000000084e00000| Untracked 
|  55|0x0000000084f00000, 0x0000000084f00000, 0x0000000085000000|  0%| F|  |TAMS 0x0000000084f00000, 0x0000000084f00000| Untracked 
|  56|0x0000000085000000, 0x0000000085000000, 0x0000000085100000|  0%| F|  |TAMS 0x0000000085000000, 0x0000000085000000| Untracked 
|  57|0x0000000085100000, 0x0000000085100000, 0x0000000085200000|  0%| F|  |TAMS 0x0000000085100000, 0x0000000085100000| Untracked 
|  58|0x0000000085200000, 0x0000000085200000, 0x0000000085300000|  0%| F|  |TAMS 0x0000000085200000, 0x0000000085200000| Untracked 
|  59|0x0000000085300000, 0x0000000085300000, 0x0000000085400000|  0%| F|  |TAMS 0x0000000085300000, 0x0000000085300000| Untracked 
|  60|0x0000000085400000, 0x0000000085400000, 0x0000000085500000|  0%| F|  |TAMS 0x0000000085400000, 0x0000000085400000| Untracked 
|  61|0x0000000085500000, 0x0000000085500000, 0x0000000085600000|  0%| F|  |TAMS 0x0000000085500000, 0x0000000085500000| Untracked 
|  62|0x0000000085600000, 0x0000000085600000, 0x0000000085700000|  0%| F|  |TAMS 0x0000000085600000, 0x0000000085600000| Untracked 
|  63|0x0000000085700000, 0x0000000085700000, 0x0000000085800000|  0%| F|  |TAMS 0x0000000085700000, 0x0000000085700000| Untracked 
|  64|0x0000000085800000, 0x0000000085800000, 0x0000000085900000|  0%| F|  |TAMS 0x0000000085800000, 0x0000000085800000| Untracked 
|  65|0x0000000085900000, 0x0000000085900000, 0x0000000085a00000|  0%| F|  |TAMS 0x0000000085900000, 0x0000000085900000| Untracked 
|  66|0x0000000085a00000, 0x0000000085a00000, 0x0000000085b00000|  0%| F|  |TAMS 0x0000000085a00000, 0x0000000085a00000| Untracked 
|  67|0x0000000085b00000, 0x0000000085b00000, 0x0000000085c00000|  0%| F|  |TAMS 0x0000000085b00000, 0x0000000085b00000| Untracked 
|  68|0x0000000085c00000, 0x0000000085c00000, 0x0000000085d00000|  0%| F|  |TAMS 0x0000000085c00000, 0x0000000085c00000| Untracked 
|  69|0x0000000085d00000, 0x0000000085d00000, 0x0000000085e00000|  0%| F|  |TAMS 0x0000000085d00000, 0x0000000085d00000| Untracked 
|  70|0x0000000085e00000, 0x0000000085e00000, 0x0000000085f00000|  0%| F|  |TAMS 0x0000000085e00000, 0x0000000085e00000| Untracked 
|  71|0x0000000085f00000, 0x0000000085f00000, 0x0000000086000000|  0%| F|  |TAMS 0x0000000085f00000, 0x0000000085f00000| Untracked 
|  72|0x0000000086000000, 0x0000000086000000, 0x0000000086100000|  0%| F|  |TAMS 0x0000000086000000, 0x0000000086000000| Untracked 
|  73|0x0000000086100000, 0x0000000086100000, 0x0000000086200000|  0%| F|  |TAMS 0x0000000086100000, 0x0000000086100000| Untracked 
|  74|0x0000000086200000, 0x0000000086200000, 0x0000000086300000|  0%| F|  |TAMS 0x0000000086200000, 0x0000000086200000| Untracked 
|  75|0x0000000086300000, 0x0000000086300000, 0x0000000086400000|  0%| F|  |TAMS 0x0000000086300000, 0x0000000086300000| Untracked 
|  76|0x0000000086400000, 0x0000000086400000, 0x0000000086500000|  0%| F|  |TAMS 0x0000000086400000, 0x0000000086400000| Untracked 
|  77|0x0000000086500000, 0x0000000086500000, 0x0000000086600000|  0%| F|  |TAMS 0x0000000086500000, 0x0000000086500000| Untracked 
|  78|0x0000000086600000, 0x0000000086600000, 0x0000000086700000|  0%| F|  |TAMS 0x0000000086600000, 0x0000000086600000| Untracked 
|  79|0x0000000086700000, 0x0000000086700000, 0x0000000086800000|  0%| F|  |TAMS 0x0000000086700000, 0x0000000086700000| Untracked 
|  80|0x0000000086800000, 0x0000000086800000, 0x0000000086900000|  0%| F|  |TAMS 0x0000000086800000, 0x0000000086800000| Untracked 
|  81|0x0000000086900000, 0x0000000086900000, 0x0000000086a00000|  0%| F|  |TAMS 0x0000000086900000, 0x0000000086900000| Untracked 
|  82|0x0000000086a00000, 0x0000000086a00000, 0x0000000086b00000|  0%| F|  |TAMS 0x0000000086a00000, 0x0000000086a00000| Untracked 
|  83|0x0000000086b00000, 0x0000000086b00000, 0x0000000086c00000|  0%| F|  |TAMS 0x0000000086b00000, 0x0000000086b00000| Untracked 
|  84|0x0000000086c00000, 0x0000000086c00000, 0x0000000086d00000|  0%| F|  |TAMS 0x0000000086c00000, 0x0000000086c00000| Untracked 
|  85|0x0000000086d00000, 0x0000000086d00000, 0x0000000086e00000|  0%| F|  |TAMS 0x0000000086d00000, 0x0000000086d00000| Untracked 
|  86|0x0000000086e00000, 0x0000000086e00000, 0x0000000086f00000|  0%| F|  |TAMS 0x0000000086e00000, 0x0000000086e00000| Untracked 
|  87|0x0000000086f00000, 0x0000000086f00000, 0x0000000087000000|  0%| F|  |TAMS 0x0000000086f00000, 0x0000000086f00000| Untracked 
|  88|0x0000000087000000, 0x0000000087000000, 0x0000000087100000|  0%| F|  |TAMS 0x0000000087000000, 0x0000000087000000| Untracked 
|  89|0x0000000087100000, 0x0000000087100000, 0x0000000087200000|  0%| F|  |TAMS 0x0000000087100000, 0x0000000087100000| Untracked 
|  90|0x0000000087200000, 0x0000000087200000, 0x0000000087300000|  0%| F|  |TAMS 0x0000000087200000, 0x0000000087200000| Untracked 
|  91|0x0000000087300000, 0x0000000087300000, 0x0000000087400000|  0%| F|  |TAMS 0x0000000087300000, 0x0000000087300000| Untracked 
|  92|0x0000000087400000, 0x0000000087400000, 0x0000000087500000|  0%| F|  |TAMS 0x0000000087400000, 0x0000000087400000| Untracked 
|  93|0x0000000087500000, 0x0000000087500000, 0x0000000087600000|  0%| F|  |TAMS 0x0000000087500000, 0x0000000087500000| Untracked 
|  94|0x0000000087600000, 0x0000000087600000, 0x0000000087700000|  0%| F|  |TAMS 0x0000000087600000, 0x0000000087600000| Untracked 
|  95|0x0000000087700000, 0x0000000087700000, 0x0000000087800000|  0%| F|  |TAMS 0x0000000087700000, 0x0000000087700000| Untracked 
|  96|0x0000000087800000, 0x0000000087800000, 0x0000000087900000|  0%| F|  |TAMS 0x0000000087800000, 0x0000000087800000| Untracked 
|  97|0x0000000087900000, 0x0000000087900000, 0x0000000087a00000|  0%| F|  |TAMS 0x0000000087900000, 0x0000000087900000| Untracked 
|  98|0x0000000087a00000, 0x0000000087a00000, 0x0000000087b00000|  0%| F|  |TAMS 0x0000000087a00000, 0x0000000087a00000| Untracked 
|  99|0x0000000087b00000, 0x0000000087b00000, 0x0000000087c00000|  0%| F|  |TAMS 0x0000000087b00000, 0x0000000087b00000| Untracked 
| 100|0x0000000087c00000, 0x0000000087c00000, 0x0000000087d00000|  0%| F|  |TAMS 0x0000000087c00000, 0x0000000087c00000| Untracked 
| 101|0x0000000087d00000, 0x0000000087d00000, 0x0000000087e00000|  0%| F|  |TAMS 0x0000000087d00000, 0x0000000087d00000| Untracked 
| 102|0x0000000087e00000, 0x0000000087f00000, 0x0000000087f00000|100%| S|CS|TAMS 0x0000000087e00000, 0x0000000087e00000| Complete 
| 103|0x0000000087f00000, 0x0000000088000000, 0x0000000088000000|100%| S|CS|TAMS 0x0000000087f00000, 0x0000000087f00000| Complete 
| 104|0x0000000088000000, 0x0000000088100000, 0x0000000088100000|100%| S|CS|TAMS 0x0000000088000000, 0x0000000088000000| Complete 
| 105|0x0000000088100000, 0x0000000088100000, 0x0000000088200000|  0%| F|  |TAMS 0x0000000088100000, 0x0000000088100000| Untracked 
| 106|0x0000000088200000, 0x0000000088200000, 0x0000000088300000|  0%| F|  |TAMS 0x0000000088200000, 0x0000000088200000| Untracked 
| 107|0x0000000088300000, 0x0000000088300000, 0x0000000088400000|  0%| F|  |TAMS 0x0000000088300000, 0x0000000088300000| Untracked 
| 108|0x0000000088400000, 0x0000000088400000, 0x0000000088500000|  0%| F|  |TAMS 0x0000000088400000, 0x0000000088400000| Untracked 
| 109|0x0000000088500000, 0x0000000088500000, 0x0000000088600000|  0%| F|  |TAMS 0x0000000088500000, 0x0000000088500000| Untracked 
| 110|0x0000000088600000, 0x0000000088600000, 0x0000000088700000|  0%| F|  |TAMS 0x0000000088600000, 0x0000000088600000| Untracked 
| 111|0x0000000088700000, 0x0000000088700000, 0x0000000088800000|  0%| F|  |TAMS 0x0000000088700000, 0x0000000088700000| Untracked 
| 112|0x0000000088800000, 0x0000000088800000, 0x0000000088900000|  0%| F|  |TAMS 0x0000000088800000, 0x0000000088800000| Untracked 
| 113|0x0000000088900000, 0x0000000088900000, 0x0000000088a00000|  0%| F|  |TAMS 0x0000000088900000, 0x0000000088900000| Untracked 
| 114|0x0000000088a00000, 0x0000000088a00000, 0x0000000088b00000|  0%| F|  |TAMS 0x0000000088a00000, 0x0000000088a00000| Untracked 
| 115|0x0000000088b00000, 0x0000000088b00000, 0x0000000088c00000|  0%| F|  |TAMS 0x0000000088b00000, 0x0000000088b00000| Untracked 
| 116|0x0000000088c00000, 0x0000000088c00000, 0x0000000088d00000|  0%| F|  |TAMS 0x0000000088c00000, 0x0000000088c00000| Untracked 
| 117|0x0000000088d00000, 0x0000000088d00000, 0x0000000088e00000|  0%| F|  |TAMS 0x0000000088d00000, 0x0000000088d00000| Untracked 
| 118|0x0000000088e00000, 0x0000000088e00000, 0x0000000088f00000|  0%| F|  |TAMS 0x0000000088e00000, 0x0000000088e00000| Untracked 
| 119|0x0000000088f00000, 0x0000000088f00000, 0x0000000089000000|  0%| F|  |TAMS 0x0000000088f00000, 0x0000000088f00000| Untracked 
| 120|0x0000000089000000, 0x0000000089000000, 0x0000000089100000|  0%| F|  |TAMS 0x0000000089000000, 0x0000000089000000| Untracked 
| 121|0x0000000089100000, 0x0000000089100000, 0x0000000089200000|  0%| F|  |TAMS 0x0000000089100000, 0x0000000089100000| Untracked 
| 122|0x0000000089200000, 0x0000000089200000, 0x0000000089300000|  0%| F|  |TAMS 0x0000000089200000, 0x0000000089200000| Untracked 
| 123|0x0000000089300000, 0x0000000089380800, 0x0000000089400000| 50%| E|  |TAMS 0x0000000089300000, 0x0000000089300000| Complete 
| 124|0x0000000089400000, 0x0000000089500000, 0x0000000089500000|100%| E|CS|TAMS 0x0000000089400000, 0x0000000089400000| Complete 
| 125|0x0000000089500000, 0x0000000089600000, 0x0000000089600000|100%| E|CS|TAMS 0x0000000089500000, 0x0000000089500000| Complete 
| 126|0x0000000089600000, 0x0000000089700000, 0x0000000089700000|100%| E|CS|TAMS 0x0000000089600000, 0x0000000089600000| Complete 
| 127|0x0000000089700000, 0x0000000089800000, 0x0000000089800000|100%| E|CS|TAMS 0x0000000089700000, 0x0000000089700000| Complete 

Card table byte_map: [0x0000017d469a0000,0x0000017d46da0000] _byte_map_base: 0x0000017d46594000

Marking Bits (Prev, Next): (CMBitMap*) 0x0000017d33e003b0, (CMBitMap*) 0x0000017d33e003f0
 Prev Bits: [0x0000017d471a0000, 0x0000017d49140000)
 Next Bits: [0x0000017d49140000, 0x0000017d4b0e0000)

Polling page: 0x0000017d31d50000

Metaspace:

Usage:
  Non-class:      9.54 MB used.
      Class:      1.07 MB used.
       Both:     10.61 MB used.

Virtual space:
  Non-class space:       64.00 MB reserved,       9.62 MB ( 15%) committed,  1 nodes.
      Class space:        1.00 GB reserved,       1.12 MB ( <1%) committed,  1 nodes.
             Both:        1.06 GB reserved,      10.75 MB ( <1%) committed. 

Chunk freelists:
   Non-Class:  6.13 MB
       Class:  14.89 MB
        Both:  21.02 MB

MaxMetaspaceSize: unlimited
CompressedClassSpaceSize: 1.00 GB
Initial GC threshold: 21.00 MB
Current GC threshold: 21.00 MB
CDS: off
MetaspaceReclaimPolicy: balanced
 - commit_granule_bytes: 65536.
 - commit_granule_words: 8192.
 - virtual_space_node_default_size: 8388608.
 - enlarge_chunks_in_place: 1.
 - new_chunks_are_fully_committed: 0.
 - uncommit_free_chunks: 1.
 - use_allocation_guard: 0.
 - handle_deallocations: 1.


Internal statistics:

num_allocs_failed_limit: 0.
num_arena_births: 18.
num_arena_deaths: 0.
num_vsnodes_births: 2.
num_vsnodes_deaths: 0.
num_space_committed: 172.
num_space_uncommitted: 0.
num_chunks_returned_to_freelist: 0.
num_chunks_taken_from_freelist: 119.
num_chunk_merges: 0.
num_chunk_splits: 73.
num_chunks_enlarged: 61.
num_inconsistent_stats: 0.

CodeHeap 'non-profiled nmethods': size=120000Kb used=303Kb max_used=303Kb free=119696Kb
 bounds [0x0000017d3ed40000, 0x0000017d3efb0000, 0x0000017d46270000]
CodeHeap 'profiled nmethods': size=120000Kb used=1543Kb max_used=1543Kb free=118456Kb
 bounds [0x0000017d37270000, 0x0000017d374e0000, 0x0000017d3e7a0000]
CodeHeap 'non-nmethods': size=5760Kb used=1134Kb max_used=1158Kb free=4625Kb
 bounds [0x0000017d3e7a0000, 0x0000017d3ea10000, 0x0000017d3ed40000]
 total_blobs=1235 nmethods=815 adapters=333
 compilation: enabled
              stopped_count=0, restarted_count=0
 full_count=0

Compilation events (20 events):
Event: 2.918 Thread 0x0000017d5206fa00  799   !   3       java.util.zip.Inflater::setInput (69 bytes)
Event: 2.918 Thread 0x0000017d5206fa00 nmethod 799 0x0000017d373d7e90 code [0x0000017d373d8060, 0x0000017d373d8468]
Event: 2.932 Thread 0x0000017d5206fa00  800       3       java.security.SecureClassLoader$CodeSourceKey::equals (60 bytes)
Event: 2.933 Thread 0x0000017d5206fa00 nmethod 800 0x0000017d373d8610 code [0x0000017d373d8800, 0x0000017d373d8e58]
Event: 2.933 Thread 0x0000017d5206fa00  801       3       java.security.CodeSource::matchCerts (254 bytes)
Event: 2.933 Thread 0x0000017d5206fa00 nmethod 801 0x0000017d373d9010 code [0x0000017d373d9280, 0x0000017d373d9e98]
Event: 2.938 Thread 0x0000017d5206fa00  802       3       java.lang.String::<init> (828 bytes)
Event: 2.940 Thread 0x0000017d52063a50 nmethod 756 0x0000017d3ed88110 code [0x0000017d3ed88420, 0x0000017d3ed8a6b8]
Event: 2.940 Thread 0x0000017d52063a50  783   !   4       jdk.internal.loader.URLClassPath$JarLoader::getResource (65 bytes)
Event: 2.941 Thread 0x0000017d5206fa00 nmethod 802 0x0000017d373da290 code [0x0000017d373da760, 0x0000017d373dd208]
Event: 2.941 Thread 0x0000017d5206fa00  803       3       java.net.URLClassLoader::getAndVerifyPackage (109 bytes)
Event: 2.943 Thread 0x0000017d5206fa00 nmethod 803 0x0000017d373ddd90 code [0x0000017d373de100, 0x0000017d373df2e8]
Event: 2.943 Thread 0x0000017d5206fa00  804       3       jdk.internal.perf.PerfCounter::getReadClassBytesTime (4 bytes)
Event: 2.943 Thread 0x0000017d5206fa00 nmethod 804 0x0000017d373df910 code [0x0000017d373dfaa0, 0x0000017d373dfb98]
Event: 2.959 Thread 0x0000017d5206fa00  805       3       java.lang.ClassLoader::definePackage (85 bytes)
Event: 2.960 Thread 0x0000017d5206fa00 nmethod 805 0x0000017d373dfc10 code [0x0000017d373dfee0, 0x0000017d373e0dd8]
Event: 2.960 Thread 0x0000017d5206fa00  806       3       java.lang.ClassLoader::compareCerts (197 bytes)
Event: 2.961 Thread 0x0000017d5206fa00 nmethod 806 0x0000017d373e1290 code [0x0000017d373e14a0, 0x0000017d373e1d58]
Event: 2.973 Thread 0x0000017d5206fa00  808       3       sun.net.www.ParseUtil::encodePath (41 bytes)
Event: 2.973 Thread 0x0000017d5206fa00 nmethod 808 0x0000017d373e2010 code [0x0000017d373e21e0, 0x0000017d373e2448]

GC Heap History (2 events):
Event: 2.839 GC heap before
{Heap before GC invocations=0 (full 0):
 garbage-first heap   total 131072K, used 26624K [0x0000000081800000, 0x0000000100000000)
  region size 1024K, 23 young (23552K), 0 survivors (0K)
 Metaspace       used 9329K, committed 9536K, reserved 1114112K
  class space    used 863K, committed 960K, reserved 1048576K
}
Event: 2.849 GC heap after
{Heap after GC invocations=1 (full 0):
 garbage-first heap   total 131072K, used 10926K [0x0000000081800000, 0x0000000100000000)
  region size 1024K, 3 young (3072K), 3 survivors (3072K)
 Metaspace       used 9329K, committed 9536K, reserved 1114112K
  class space    used 863K, committed 960K, reserved 1048576K
}

Dll operation events (2 events):
Event: 0.011 Loaded shared library C:\Program Files\Android\Android Studio\jbr\bin\java.dll
Event: 0.169 Loaded shared library C:\Program Files\Android\Android Studio\jbr\bin\verify.dll

Deoptimization events (20 events):
Event: 2.691 Thread 0x0000017d33da3b30 DEOPT PACKING pc=0x0000017d373664c7 sp=0x0000005b118fc080
Event: 2.691 Thread 0x0000017d33da3b30 DEOPT UNPACKING pc=0x0000017d3e7f7143 sp=0x0000005b118fb4e0 mode 0
Event: 2.749 Thread 0x0000017d33da3b30 Uncommon trap: trap_request=0xffffff45 fr.pc=0x0000017d3ed74034 relative=0x00000000000003f4
Event: 2.749 Thread 0x0000017d33da3b30 Uncommon trap: reason=unstable_if action=reinterpret pc=0x0000017d3ed74034 method=java.util.zip.ZipCoder$UTF8ZipCoder.checkedHash([BII)I @ 27 c2
Event: 2.749 Thread 0x0000017d33da3b30 DEOPT PACKING pc=0x0000017d3ed74034 sp=0x0000005b118fb580
Event: 2.749 Thread 0x0000017d33da3b30 DEOPT UNPACKING pc=0x0000017d3e7f69a3 sp=0x0000005b118fb450 mode 2
Event: 2.749 Thread 0x0000017d33da3b30 Uncommon trap: trap_request=0xffffff45 fr.pc=0x0000017d3ed4b238 relative=0x00000000000001b8
Event: 2.749 Thread 0x0000017d33da3b30 Uncommon trap: reason=unstable_if action=reinterpret pc=0x0000017d3ed4b238 method=java.lang.String.hashCode()I @ 20 c2
Event: 2.749 Thread 0x0000017d33da3b30 DEOPT PACKING pc=0x0000017d3ed4b238 sp=0x0000005b118fb380
Event: 2.749 Thread 0x0000017d33da3b30 DEOPT UNPACKING pc=0x0000017d3e7f69a3 sp=0x0000005b118fb310 mode 2
Event: 2.749 Thread 0x0000017d33da3b30 Uncommon trap: trap_request=0xffffff45 fr.pc=0x0000017d3ed74cb0 relative=0x0000000000000190
Event: 2.749 Thread 0x0000017d33da3b30 Uncommon trap: reason=unstable_if action=reinterpret pc=0x0000017d3ed74cb0 method=java.util.zip.ZipFile$Source.isMetaName([BII)Z @ 57 c2
Event: 2.749 Thread 0x0000017d33da3b30 DEOPT PACKING pc=0x0000017d3ed74cb0 sp=0x0000005b118fb590
Event: 2.749 Thread 0x0000017d33da3b30 DEOPT UNPACKING pc=0x0000017d3e7f69a3 sp=0x0000005b118fb520 mode 2
Event: 2.777 Thread 0x0000017d33da3b30 DEOPT PACKING pc=0x0000017d372b2256 sp=0x0000005b118fa9a0
Event: 2.777 Thread 0x0000017d33da3b30 DEOPT UNPACKING pc=0x0000017d3e7f7143 sp=0x0000005b118f9e28 mode 0
Event: 2.884 Thread 0x0000017d33da3b30 DEOPT PACKING pc=0x0000017d372a0a4e sp=0x0000005b118fbf50
Event: 2.884 Thread 0x0000017d33da3b30 DEOPT UNPACKING pc=0x0000017d3e7f7143 sp=0x0000005b118fb440 mode 0
Event: 2.938 Thread 0x0000017d33da3b30 DEOPT PACKING pc=0x0000017d3735e324 sp=0x0000005b118fb810
Event: 2.938 Thread 0x0000017d33da3b30 DEOPT UNPACKING pc=0x0000017d3e7f7143 sp=0x0000005b118facb0 mode 0

Classes unloaded (0 events):
No events

Classes redefined (0 events):
No events

Internal exceptions (1 events):
Event: 0.597 Thread 0x0000017d33da3b30 Exception <a 'java/lang/NoSuchMethodError'{0x00000000894c2990}: 'int java.lang.invoke.DirectMethodHandle$Holder.invokeStaticInit(java.lang.Object, java.lang.Object)'> (0x00000000894c2990) 
thrown [s\src\hotspot\share\interpreter\linkResolver.cpp, line 771]

VM Operations (6 events):
Event: 0.159 Executing VM operation: HandshakeAllThreads
Event: 0.160 Executing VM operation: HandshakeAllThreads done
Event: 1.168 Executing VM operation: Cleanup
Event: 1.168 Executing VM operation: Cleanup done
Event: 2.838 Executing VM operation: G1CollectForAllocation
Event: 2.849 Executing VM operation: G1CollectForAllocation done

Events (20 events):
Event: 2.903 loading class jdk/internal/logger/BootstrapLogger$LoggingBackend
Event: 2.903 loading class jdk/internal/logger/BootstrapLogger$LoggingBackend done
Event: 2.904 loading class jdk/internal/logger/BootstrapLogger$RedirectedLoggers
Event: 2.904 loading class jdk/internal/logger/BootstrapLogger$RedirectedLoggers done
Event: 2.904 loading class jdk/internal/logger/BootstrapLogger$BootstrapExecutors
Event: 2.904 loading class jdk/internal/logger/BootstrapLogger$BootstrapExecutors done
Event: 2.904 loading class java/util/logging/LogManager$4
Event: 2.904 loading class java/util/logging/LogManager$4 done
Event: 2.904 loading class java/util/logging/Logger$SystemLoggerHelper
Event: 2.904 loading class java/util/logging/Logger$SystemLoggerHelper done
Event: 2.904 loading class java/util/logging/Logger$SystemLoggerHelper$1
Event: 2.904 loading class java/util/logging/Logger$SystemLoggerHelper$1 done
Event: 2.904 loading class jdk/internal/logger/DefaultLoggerFinder$1
Event: 2.904 loading class jdk/internal/logger/DefaultLoggerFinder$1 done
Event: 2.941 loading class java/io/InvalidObjectException
Event: 2.941 loading class java/io/ObjectStreamException
Event: 2.941 loading class java/io/ObjectStreamException done
Event: 2.941 loading class java/io/InvalidObjectException done
Event: 2.988 loading class java/lang/NumberFormatException
Event: 2.988 loading class java/lang/NumberFormatException done


Dynamic libraries:
0x00007ff7f9d90000 - 0x00007ff7f9d9a000 	C:\Program Files\Android\Android Studio\jbr\bin\java.exe
0x00007ffc41e70000 - 0x00007ffc42087000 	C:\WINDOWS\SYSTEM32\ntdll.dll
0x00007ffc40cc0000 - 0x00007ffc40d84000 	C:\WINDOWS\System32\KERNEL32.DLL
0x00007ffc3f7f0000 - 0x00007ffc3fb9d000 	C:\WINDOWS\System32\KERNELBASE.dll
0x00007ffc3f190000 - 0x00007ffc3f2a1000 	C:\WINDOWS\System32\ucrtbase.dll
0x00007ffc1f0a0000 - 0x00007ffc1f0bb000 	C:\Program Files\Android\Android Studio\jbr\bin\VCRUNTIME140.dll
0x00007ffc1f120000 - 0x00007ffc1f137000 	C:\Program Files\Android\Android Studio\jbr\bin\jli.dll
0x00007ffc41620000 - 0x00007ffc417ce000 	C:\WINDOWS\System32\USER32.dll
0x00007ffc3f650000 - 0x00007ffc3f676000 	C:\WINDOWS\System32\win32u.dll
0x00007ffc2f010000 - 0x00007ffc2f2a3000 	C:\WINDOWS\WinSxS\amd64_microsoft.windows.common-controls_6595b64144ccf1df_6.0.22621.3672_none_2713b9d173822955\COMCTL32.dll
0x00007ffc417d0000 - 0x00007ffc417f9000 	C:\WINDOWS\System32\GDI32.dll
0x00007ffc40df0000 - 0x00007ffc40e97000 	C:\WINDOWS\System32\msvcrt.dll
0x00007ffc3f420000 - 0x00007ffc3f539000 	C:\WINDOWS\System32\gdi32full.dll
0x00007ffc3f5b0000 - 0x00007ffc3f64a000 	C:\WINDOWS\System32\msvcp_win.dll
0x00007ffc40d90000 - 0x00007ffc40dc1000 	C:\WINDOWS\System32\IMM32.DLL
0x00007ffc35eb0000 - 0x00007ffc35ebc000 	C:\Program Files\Android\Android Studio\jbr\bin\vcruntime140_1.dll
0x00007ffc0a660000 - 0x00007ffc0a6ed000 	C:\Program Files\Android\Android Studio\jbr\bin\msvcp140.dll
0x00007ffbc8490000 - 0x00007ffbc9110000 	C:\Program Files\Android\Android Studio\jbr\bin\server\jvm.dll
0x00007ffc41000000 - 0x00007ffc410b2000 	C:\WINDOWS\System32\ADVAPI32.dll
0x00007ffc3fd00000 - 0x00007ffc3fda9000 	C:\WINDOWS\System32\sechost.dll
0x00007ffc3f7c0000 - 0x00007ffc3f7e8000 	C:\WINDOWS\System32\bcrypt.dll
0x00007ffc40330000 - 0x00007ffc40444000 	C:\WINDOWS\System32\RPCRT4.dll
0x00007ffc30ef0000 - 0x00007ffc30ef9000 	C:\WINDOWS\SYSTEM32\WSOCK32.dll
0x00007ffc35c60000 - 0x00007ffc35c6a000 	C:\WINDOWS\SYSTEM32\VERSION.dll
0x00007ffc40140000 - 0x00007ffc401b1000 	C:\WINDOWS\System32\WS2_32.dll
0x00007ffc374a0000 - 0x00007ffc374d4000 	C:\WINDOWS\SYSTEM32\WINMM.dll
0x00007ffc3e1c0000 - 0x00007ffc3e1d8000 	C:\WINDOWS\SYSTEM32\kernel.appcore.dll
0x00007ffc1efe0000 - 0x00007ffc1efea000 	C:\Program Files\Android\Android Studio\jbr\bin\jimage.dll
0x00007ffc3caf0000 - 0x00007ffc3cd22000 	C:\WINDOWS\SYSTEM32\DBGHELP.DLL
0x00007ffc3fdb0000 - 0x00007ffc4013d000 	C:\WINDOWS\System32\combase.dll
0x00007ffc401f0000 - 0x00007ffc402c7000 	C:\WINDOWS\System32\OLEAUT32.dll
0x00007ffc36130000 - 0x00007ffc36162000 	C:\WINDOWS\SYSTEM32\dbgcore.DLL
0x00007ffc3f740000 - 0x00007ffc3f7bb000 	C:\WINDOWS\System32\bcryptPrimitives.dll
0x00007ffc1a9f0000 - 0x00007ffc1aa15000 	C:\Program Files\Android\Android Studio\jbr\bin\java.dll
0x00007ffc1efc0000 - 0x00007ffc1efd8000 	C:\Program Files\Android\Android Studio\jbr\bin\zip.dll
0x00007ffc40450000 - 0x00007ffc40cb8000 	C:\WINDOWS\System32\SHELL32.dll
0x00007ffc3d0e0000 - 0x00007ffc3d9de000 	C:\WINDOWS\SYSTEM32\windows.storage.dll
0x00007ffc3cfa0000 - 0x00007ffc3d0df000 	C:\WINDOWS\SYSTEM32\wintypes.dll
0x00007ffc41c20000 - 0x00007ffc41d19000 	C:\WINDOWS\System32\SHCORE.dll
0x00007ffc40ea0000 - 0x00007ffc40efe000 	C:\WINDOWS\System32\shlwapi.dll
0x00007ffc3f0c0000 - 0x00007ffc3f0e1000 	C:\WINDOWS\SYSTEM32\profapi.dll
0x00007ffc1d510000 - 0x00007ffc1d529000 	C:\Program Files\Android\Android Studio\jbr\bin\net.dll
0x00007ffc37740000 - 0x00007ffc37876000 	C:\WINDOWS\SYSTEM32\WINHTTP.dll
0x00007ffc3e630000 - 0x00007ffc3e699000 	C:\WINDOWS\system32\mswsock.dll
0x00007ffc1d090000 - 0x00007ffc1d0a6000 	C:\Program Files\Android\Android Studio\jbr\bin\nio.dll
0x00007ffc1d230000 - 0x00007ffc1d240000 	C:\Program Files\Android\Android Studio\jbr\bin\verify.dll

dbghelp: loaded successfully - version: 4.0.5 - missing functions: none
symbol engine: initialized successfully - sym options: 0x614 - pdb path: (cannot be retrieved)

VM Arguments:
jvm_args: -Dorg.gradle.appname=gradlew 
java_command: org.gradle.wrapper.GradleWrapperMain -q -Ptarget-platform=android-x64 -Ptarget=C:\MyApp\alamode_app\lib\main.dart -Pbase-application-name=android.app.Application -Pdart-defines=RkxVVFRFUl9XRUJfQ0FOVkFTS0lUX1VSTD1odHRwczovL3d3dy5nc3RhdGljLmNvbS9mbHV0dGVyLWNhbnZhc2tpdC9lZGQ4NTQ2MTE2NDU3YmRmMWM1YmRmYjEzZWNiOTQ2M2QyYmI1ZWQ0Lw== -Pdart-obfuscation=false -Ptrack-widget-creation=true -Ptree-shake-icons=false -Pfilesystem-scheme=org-dartlang-root assembleDebug
java_class_path (initial): C:\MyApp\alamode_app\android\\gradle\wrapper\gradle-wrapper.jar
Launcher Type: SUN_STANDARD

[Global flags]
     intx CICompilerCount                          = 4                                         {product} {ergonomic}
     uint ConcGCThreads                            = 2                                         {product} {ergonomic}
     uint G1ConcRefinementThreads                  = 8                                         {product} {ergonomic}
   size_t G1HeapRegionSize                         = 1048576                                   {product} {ergonomic}
    uintx GCDrainStackTargetSize                   = 64                                        {product} {ergonomic}
   size_t InitialHeapSize                          = 134217728                                 {product} {ergonomic}
   size_t MarkStackSize                            = 4194304                                   {product} {ergonomic}
   size_t MaxHeapSize                              = 2122317824                                {product} {ergonomic}
   size_t MaxNewSize                               = 1272971264                                {product} {ergonomic}
   size_t MinHeapDeltaBytes                        = 1048576                                   {product} {ergonomic}
   size_t MinHeapSize                              = 8388608                                   {product} {ergonomic}
    uintx NonNMethodCodeHeapSize                   = 5839372                                {pd product} {ergonomic}
    uintx NonProfiledCodeHeapSize                  = 122909434                              {pd product} {ergonomic}
    uintx ProfiledCodeHeapSize                     = 122909434                              {pd product} {ergonomic}
    uintx ReservedCodeCacheSize                    = 251658240                              {pd product} {ergonomic}
     bool SegmentedCodeCache                       = true                                      {product} {ergonomic}
   size_t SoftMaxHeapSize                          = 2122317824                             {manageable} {ergonomic}
     bool UseCompressedClassPointers               = true                           {product lp64_product} {ergonomic}
     bool UseCompressedOops                        = true                           {product lp64_product} {ergonomic}
     bool UseG1GC                                  = true                                      {product} {ergonomic}
     bool UseLargePagesIndividualAllocation        = false                                  {pd product} {ergonomic}

Logging:
Log output configuration:
 #0: stdout all=warning uptime,level,tags
 #1: stderr all=off uptime,level,tags

Environment Variables:
JAVA_HOME=C:\Program Files\Android\Android Studio\jbr
CLASSPATH=C:\MyApp\alamode_app\android\\gradle\wrapper\gradle-wrapper.jar
PATH=C:\Program Files\Android\Android Studio\jbr\bin;C:\Program Files\Eclipse Adoptium\jdk-17.0.11.9-hotspot\bin;C:\Program Files\Eclipse Adoptium\jdk-17.0.11.9-hotspot\bin;C:\WINDOWS\system32;C:\WINDOWS;C:\WINDOWS\System32\Wbem;C:\WINDOWS\System32\WindowsPowerShell\v1.0\;C:\WINDOWS\System32\OpenSSH\;C:\Program Files\Intel\WiFi\bin\;C:\Program Files\Common Files\Intel\WirelessCommon\;C:\xampp\php;C:\ProgramData\ComposerSetup\bin;C:\ProgramData\chocolatey\bin;C:\xampp\apache;C:\Program Files\Microsoft SQL Server\130\Tools\Binn\;C:\Program Files\Microsoft SQL Server\Client SDK\ODBC\170\Tools\Binn\;C:\Program Files\Intel\Intel(R) Management Engine Components\DAL;C:\Program Files\Microsoft SQL Server\150\Tools\Binn\;C:\Program Files\dotnet\;C:\WINDOWS\system32;C:\WINDOWS;C:\WINDOWS\System32\Wbem;C:\WINDOWS\System32\WindowsPowerShell\v1.0\;C:\WINDOWS\System32\OpenSSH\;C:\Program Files\Git\cmd;C:\Users\erabl\AppData\Local\Pub\Cache\bin;C:\Program Files\nodejs\;C:\Program Files\Gradle\gradle-8.8\bin;C:\Users\erabl\AppData\Local\Microsoft\WindowsApps;C:\Users\erabl\AppData\Roaming\Composer\vendor\bin;C:\Users\erabl\AppData\Local\Programs\Microsoft VS Code\bin;C:\src\flutter\flutter\bin;C:\Users\erabl\.dotnet\tools;C:\Users\erabl\AppData\Local\Pub\Cache\bin;C:\Users\erabl\AppData\Roaming\npm;C:\Users\erabl\AppData\Local\Google\Cloud SDK\google-cloud-sdk\bin;C:\src\flutter\flutter\bin\mingit\cmd;C:\src\flutter\flutter\bin\mingit\cmd
USERNAME=erabl
OS=Windows_NT
PROCESSOR_IDENTIFIER=Intel64 Family 6 Model 142 Stepping 10, GenuineIntel
TMP=C:\Users\erabl\AppData\Local\Temp
TEMP=C:\Users\erabl\AppData\Local\Temp


JNI global refs:
JNI global refs: 9, weak refs: 0

JNI global refs memory usage: 843, weak refs: 841

OOME stack traces (most recent first):
Classloader memory used:
